[36m2025/06/18 10:03:59,512[m [32m[INFO ][m  [org.springframework.boot.SpringApplicationBannerPrinter] [33m[main][m- 
  ___    _    __  __   ____  _____ ______     _____ ____ _____
 |_ _|  / \  |  \/  | / ___|| ____|  _ \ \   / /_ _/ ___| ____|
  | |  / _ \ | |\/| | \___ \|  _| | |_) \ \ / / | | |   |  _|
  | | / ___ \| |  | |  ___) | |___|  _ < \ V /  | | |___| |___
 |___/_/   \_\_|  |_| |____/|_____|_| \_\ \_/  |___\____|_____|

    :: Spring Boot ::                (v3.0.5) ==== iam-service-0.0.1-SNAPSHOT.jar ====

 -[36m2025/06/18 10:03:59,550[m [32m[INFO ][m  [org.springframework.boot.StartupInfoLogger] [33m[main][m- Starting IamServiceApplication using Java 17.0.14 with PID 18938 (/Users/gilzako/IdeaProjects/new_tankapp_backend/iam-service/target/classes started by gilzako in /Users/gilzako/IdeaProjects/new_tankapp_backend)
 -[36m2025/06/18 10:03:59,552[m [32m[INFO ][m  [org.springframework.boot.SpringApplication] [33m[main][m- The following 1 profile is active: "development"
 -[36m2025/06/18 10:03:59,816[m [32m[INFO ][m  [org.springframework.data.repository.config.RepositoryConfigurationDelegate] [33m[main][m- Bootstrapping Spring Data JDBC repositories in DEFAULT mode.
 -[36m2025/06/18 10:03:59,824[m [32m[INFO ][m  [org.springframework.data.repository.config.RepositoryConfigurationDelegate] [33m[main][m- Finished Spring Data repository scanning in 6 ms. Found 0 JDBC repository interfaces.
 -[36m2025/06/18 10:03:59,915[m [32m[INFO ][m  [org.springframework.cloud.context.scope.GenericScope] [33m[main][m- BeanFactory id=68e89600-928f-32a1-8985-bb4ea4bb68f9
 -[36m2025/06/18 10:03:59,935[m [32m[INFO ][m  [com.ulisesbocchio.jasyptspringboot.configuration.EnableEncryptablePropertiesBeanFactoryPostProcessor] [33m[main][m- Post-processing PropertySource instances
 -[36m2025/06/18 10:03:59,936[m [32m[INFO ][m  [com.ulisesbocchio.jasyptspringboot.EncryptablePropertySourceConverter] [33m[main][m- Skipping PropertySource configurationProperties [class org.springframework.boot.context.properties.source.ConfigurationPropertySourcesPropertySource
 -[36m2025/06/18 10:03:59,936[m [32m[INFO ][m  [com.ulisesbocchio.jasyptspringboot.EncryptablePropertySourceConverter] [33m[main][m- Skipping PropertySource servletConfigInitParams [class org.springframework.core.env.PropertySource$StubPropertySource
 -[36m2025/06/18 10:03:59,936[m [32m[INFO ][m  [com.ulisesbocchio.jasyptspringboot.EncryptablePropertySourceConverter] [33m[main][m- Skipping PropertySource servletContextInitParams [class org.springframework.core.env.PropertySource$StubPropertySource
 -[36m2025/06/18 10:03:59,937[m [32m[INFO ][m  [com.ulisesbocchio.jasyptspringboot.EncryptablePropertySourceConverter] [33m[main][m- Converting PropertySource systemProperties [org.springframework.core.env.PropertiesPropertySource] to EncryptableMapPropertySourceWrapper
 -[36m2025/06/18 10:03:59,937[m [32m[INFO ][m  [com.ulisesbocchio.jasyptspringboot.EncryptablePropertySourceConverter] [33m[main][m- Converting PropertySource systemEnvironment [org.springframework.boot.env.SystemEnvironmentPropertySourceEnvironmentPostProcessor$OriginAwareSystemEnvironmentPropertySource] to EncryptableSystemEnvironmentPropertySourceWrapper
 -[36m2025/06/18 10:03:59,937[m [32m[INFO ][m  [com.ulisesbocchio.jasyptspringboot.EncryptablePropertySourceConverter] [33m[main][m- Converting PropertySource random [org.springframework.boot.env.RandomValuePropertySource] to EncryptablePropertySourceWrapper
 -[36m2025/06/18 10:03:59,937[m [32m[INFO ][m  [com.ulisesbocchio.jasyptspringboot.EncryptablePropertySourceConverter] [33m[main][m- Converting PropertySource cachedrandom [org.springframework.cloud.util.random.CachedRandomPropertySource] to EncryptablePropertySourceWrapper
 -[36m2025/06/18 10:03:59,937[m [32m[INFO ][m  [com.ulisesbocchio.jasyptspringboot.EncryptablePropertySourceConverter] [33m[main][m- Converting PropertySource springCloudClientHostInfo [org.springframework.core.env.MapPropertySource] to EncryptableMapPropertySourceWrapper
 -[36m2025/06/18 10:03:59,937[m [32m[INFO ][m  [com.ulisesbocchio.jasyptspringboot.EncryptablePropertySourceConverter] [33m[main][m- Converting PropertySource Config resource 'class path resource [application.yml]' via location 'optional:classpath:/' (document #1) [org.springframework.boot.env.OriginTrackedMapPropertySource] to EncryptableMapPropertySourceWrapper
 -[36m2025/06/18 10:03:59,937[m [32m[INFO ][m  [com.ulisesbocchio.jasyptspringboot.EncryptablePropertySourceConverter] [33m[main][m- Converting PropertySource Config resource 'class path resource [application.yml]' via location 'optional:classpath:/' (document #0) [org.springframework.boot.env.OriginTrackedMapPropertySource] to EncryptableMapPropertySourceWrapper
 -[36m2025/06/18 10:04:00,034[m [32m[INFO ][m  [com.ulisesbocchio.jasyptspringboot.filter.DefaultLazyPropertyFilter] [33m[main][m- Property Filter custom Bean not found with name 'encryptablePropertyFilter'. Initializing Default Property Filter
 -[36m2025/06/18 10:04:00,041[m [32m[INFO ][m  [com.ulisesbocchio.jasyptspringboot.resolver.DefaultLazyPropertyResolver] [33m[main][m- Property Resolver custom Bean not found with name 'encryptablePropertyResolver'. Initializing Default Property Resolver
 -[36m2025/06/18 10:04:00,042[m [32m[INFO ][m  [com.ulisesbocchio.jasyptspringboot.detector.DefaultLazyPropertyDetector] [33m[main][m- Property Detector custom Bean not found with name 'encryptablePropertyDetector'. Initializing Default Property Detector
 -[36m2025/06/18 10:04:00,101[m [32m[INFO ][m  [org.springframework.boot.web.embedded.tomcat.TomcatWebServer] [33m[main][m- Tomcat initialized with port(s): 1111 (http)
 -[36m2025/06/18 10:04:00,104[m [32m[INFO ][m  [org.apache.juli.logging.DirectJDKLog] [33m[main][m- Initializing ProtocolHandler ["http-nio-0.0.0.0-1111"]
 -[36m2025/06/18 10:04:00,105[m [32m[INFO ][m  [org.apache.juli.logging.DirectJDKLog] [33m[main][m- Starting service [Tomcat]
 -[36m2025/06/18 10:04:00,105[m [32m[INFO ][m  [org.apache.juli.logging.DirectJDKLog] [33m[main][m- Starting Servlet engine: [Apache Tomcat/10.1.7]
 -[36m2025/06/18 10:04:00,139[m [32m[INFO ][m  [org.apache.juli.logging.DirectJDKLog] [33m[main][m- Initializing Spring embedded WebApplicationContext
 -[36m2025/06/18 10:04:00,140[m [32m[INFO ][m  [org.springframework.boot.web.servlet.context.ServletWebServerApplicationContext] [33m[main][m- Root WebApplicationContext: initialization completed in 571 ms
 -[36m2025/06/18 10:04:00,153[m [34m[DEBUG][m  [org.springframework.boot.web.servlet.ServletContextInitializerBeans] [33m[main][m- Mapping filters: springSecurityFilterChain urls=[/*] order=-100, characterEncodingFilter urls=[/*] order=-2147483648, formContentFilter urls=[/*] order=-9900, requestContextFilter urls=[/*] order=-105
 -[36m2025/06/18 10:04:00,153[m [34m[DEBUG][m  [org.springframework.boot.web.servlet.ServletContextInitializerBeans] [33m[main][m- Mapping servlets: dispatcherServlet urls=[/]
 -[36m2025/06/18 10:04:00,248[m [33m[WARN ][m  [org.springframework.boot.autoconfigure.security.servlet.UserDetailsServiceAutoConfiguration] [33m[main][m- 

Using generated security password: 78a363a0-56d4-4f51-8571-bdb441c6d4c4

This generated password is for development use only. Your security configuration must be updated before running your application in production.

 -[36m2025/06/18 10:04:00,303[m [32m[INFO ][m  [org.springframework.security.web.DefaultSecurityFilterChain] [33m[main][m- Will secure any request with [org.springframework.security.web.session.DisableEncodeUrlFilter@1a536164, org.springframework.security.web.context.request.async.WebAsyncManagerIntegrationFilter@1657b017, org.springframework.security.web.context.SecurityContextHolderFilter@bd4ee01, org.springframework.security.web.header.HeaderWriterFilter@4efb13f1, org.springframework.web.filter.CorsFilter@368424db, org.springframework.security.web.authentication.logout.LogoutFilter@1999149e, org.springframework.security.web.savedrequest.RequestCacheAwareFilter@598657cd, org.springframework.security.web.servletapi.SecurityContextHolderAwareRequestFilter@456aa471, org.springframework.security.web.authentication.AnonymousAuthenticationFilter@44864536, org.springframework.security.web.session.SessionManagementFilter@76af51d6, org.springframework.security.web.access.ExceptionTranslationFilter@3be80ece, org.springframework.security.web.access.intercept.AuthorizationFilter@721fc2e3]
 -[36m2025/06/18 10:04:00,329[m [34m[DEBUG][m  [org.springframework.web.servlet.handler.AbstractHandlerMethodMapping] [33m[main][m- 8 mappings in 'requestMappingHandlerMapping'
 -[36m2025/06/18 10:04:00,373[m [34m[DEBUG][m  [org.springframework.web.servlet.handler.SimpleUrlHandlerMapping] [33m[main][m- Patterns [/webjars/**, /**] in 'resourceHandlerMapping'
 -[36m2025/06/18 10:04:00,387[m [32m[INFO ][m  [org.springframework.security.web.DefaultSecurityFilterChain] [33m[main][m- Will secure any request with [org.springframework.security.web.session.DisableEncodeUrlFilter@5d84e363, org.springframework.security.web.context.request.async.WebAsyncManagerIntegrationFilter@3ef0e576, org.springframework.security.web.context.SecurityContextHolderFilter@6f2d3391, org.springframework.security.web.header.HeaderWriterFilter@2dd3d39d, org.springframework.web.filter.CorsFilter@da34eb0, org.springframework.security.web.authentication.logout.LogoutFilter@5086623f, org.springframework.security.web.savedrequest.RequestCacheAwareFilter@71b0289b, org.springframework.security.web.servletapi.SecurityContextHolderAwareRequestFilter@42cc420b, org.springframework.security.web.authentication.AnonymousAuthenticationFilter@785a4557, org.springframework.security.web.session.SessionManagementFilter@ae3c140, org.springframework.security.web.access.ExceptionTranslationFilter@782cc5fa, org.springframework.security.web.access.intercept.AuthorizationFilter@7eae55]
 -[36m2025/06/18 10:04:00,389[m [33m[WARN ][m  [org.springframework.security.config.annotation.web.builders.WebSecurity] [33m[main][m- You are asking Spring Security to ignore Mvc [pattern='/ì˜ˆì™¸ì²˜ë¦¬í•˜ê³  ì‹¶ì€ url ë‚˜ì—´']. This is not recommended -- please use permitAll via HttpSecurity#authorizeHttpRequests instead.
 -[36m2025/06/18 10:04:00,389[m [32m[INFO ][m  [org.springframework.security.web.DefaultSecurityFilterChain] [33m[main][m- Will not secure Mvc [pattern='/ì˜ˆì™¸ì²˜ë¦¬í•˜ê³  ì‹¶ì€ url ë‚˜ì—´']
 -[36m2025/06/18 10:04:00,418[m [34m[DEBUG][m  [org.springframework.web.servlet.mvc.method.annotation.RequestMappingHandlerAdapter] [33m[main][m- ControllerAdvice beans: 0 @ModelAttribute, 0 @InitBinder, 1 RequestBodyAdvice, 1 ResponseBodyAdvice
 -[36m2025/06/18 10:04:00,435[m [34m[DEBUG][m  [org.springframework.web.servlet.mvc.method.annotation.ExceptionHandlerExceptionResolver] [33m[main][m- ControllerAdvice beans: 1 @ExceptionHandler, 1 ResponseBodyAdvice
 -[36m2025/06/18 10:04:00,485[m [32m[INFO ][m  [com.zaxxer.hikari.HikariDataSource] [33m[main][m- HikariPool-1 - Starting...
 -[36m2025/06/18 10:04:00,624[m [32m[INFO ][m  [com.zaxxer.hikari.pool.HikariPool] [33m[main][m- HikariPool-1 - Added connection ConnectionID:1 ClientConnectionId: 0ccf21b6-37c9-409c-a018-dcf6c128d523
 -[36m2025/06/18 10:04:00,624[m [32m[INFO ][m  [com.zaxxer.hikari.HikariDataSource] [33m[main][m- HikariPool-1 - Start completed.
 -[36m2025/06/18 10:04:00,639[m [33m[WARN ][m  [org.springframework.data.convert.CustomConversions] [33m[main][m- Registering converter from class microsoft.sql.DateTimeOffset to class java.time.OffsetDateTime as reading converter although it doesn't convert from a store-supported type; You might want to check your annotation setup at the converter implementation
 -[36m2025/06/18 10:04:00,725[m [34m[DEBUG][m  [com.zaxxer.hikari.pool.HikariPool] [33m[HikariPool-1 housekeeper][m- HikariPool-1 - Before cleanup stats (total=1, active=0, idle=1, waiting=0)
 -[36m2025/06/18 10:04:00,725[m [34m[DEBUG][m  [com.zaxxer.hikari.pool.HikariPool] [33m[HikariPool-1 housekeeper][m- HikariPool-1 - After cleanup  stats (total=1, active=0, idle=1, waiting=0)
 -[36m2025/06/18 10:04:00,782[m [34m[DEBUG][m  [com.zaxxer.hikari.pool.HikariPool$PoolEntryCreator] [33m[HikariPool-1 connection adder][m- HikariPool-1 - Added connection ConnectionID:2 ClientConnectionId: 26e16edb-7bcc-475d-a373-fe7779cb96c6
 -[36m2025/06/18 10:04:00,843[m [34m[DEBUG][m  [com.zaxxer.hikari.pool.HikariPool$PoolEntryCreator] [33m[HikariPool-1 connection adder][m- HikariPool-1 - Added connection ConnectionID:3 ClientConnectionId: c9e9bc2c-bd42-4007-aa2c-75aefa3c5019
 -[36m2025/06/18 10:04:00,907[m [34m[DEBUG][m  [com.zaxxer.hikari.pool.HikariPool$PoolEntryCreator] [33m[HikariPool-1 connection adder][m- HikariPool-1 - Added connection ConnectionID:4 ClientConnectionId: 502e1f22-6644-45d5-aa46-e35b597e90ea
 -[36m2025/06/18 10:04:00,967[m [34m[DEBUG][m  [com.zaxxer.hikari.pool.HikariPool$PoolEntryCreator] [33m[HikariPool-1 connection adder][m- HikariPool-1 - Added connection ConnectionID:5 ClientConnectionId: 57025808-62ac-4ec8-b82e-8c4368abf455
 -[36m2025/06/18 10:04:00,975[m [32m[INFO ][m  [org.springframework.cloud.netflix.eureka.config.DiscoveryClientOptionalArgsConfiguration] [33m[main][m- Eureka HTTP Client uses RestTemplate.
 -[36m2025/06/18 10:04:00,990[m [33m[WARN ][m  [org.springframework.cloud.loadbalancer.config.LoadBalancerCacheAutoConfiguration$LoadBalancerCaffeineWarnLogger] [33m[main][m- Spring Cloud LoadBalancer is currently working with the default cache. While this cache implementation is useful for development and tests, it's recommended to use Caffeine cache in production.You can switch to using Caffeine cache, by adding it and org.springframework.cache.caffeine.CaffeineCacheManager to the classpath.
 -[36m2025/06/18 10:04:01,027[m [32m[INFO ][m  [org.apache.juli.logging.DirectJDKLog] [33m[main][m- Starting ProtocolHandler ["http-nio-0.0.0.0-1111"]
 -[36m2025/06/18 10:04:01,027[m [34m[DEBUG][m  [com.zaxxer.hikari.pool.HikariPool$PoolEntryCreator] [33m[HikariPool-1 connection adder][m- HikariPool-1 - Added connection ConnectionID:6 ClientConnectionId: deefa5b5-db69-446e-99db-54fabbb71205
 -[36m2025/06/18 10:04:01,033[m [32m[INFO ][m  [org.springframework.boot.web.embedded.tomcat.TomcatWebServer] [33m[main][m- Tomcat started on port(s): 1111 (http) with context path ''
 -[36m2025/06/18 10:04:01,034[m [32m[INFO ][m  [com.ulisesbocchio.jasyptspringboot.caching.RefreshScopeRefreshedEventListener] [33m[main][m- Refreshing cached encryptable property sources on ServletWebServerInitializedEvent
 -[36m2025/06/18 10:04:01,034[m [32m[INFO ][m  [com.ulisesbocchio.jasyptspringboot.caching.CachingDelegateEncryptablePropertySource] [33m[main][m- Property Source systemProperties refreshed
 -[36m2025/06/18 10:04:01,034[m [32m[INFO ][m  [com.ulisesbocchio.jasyptspringboot.caching.CachingDelegateEncryptablePropertySource] [33m[main][m- Property Source systemEnvironment refreshed
 -[36m2025/06/18 10:04:01,034[m [32m[INFO ][m  [com.ulisesbocchio.jasyptspringboot.caching.CachingDelegateEncryptablePropertySource] [33m[main][m- Property Source random refreshed
 -[36m2025/06/18 10:04:01,034[m [32m[INFO ][m  [com.ulisesbocchio.jasyptspringboot.caching.CachingDelegateEncryptablePropertySource] [33m[main][m- Property Source cachedrandom refreshed
 -[36m2025/06/18 10:04:01,034[m [32m[INFO ][m  [com.ulisesbocchio.jasyptspringboot.caching.CachingDelegateEncryptablePropertySource] [33m[main][m- Property Source springCloudClientHostInfo refreshed
 -[36m2025/06/18 10:04:01,034[m [32m[INFO ][m  [com.ulisesbocchio.jasyptspringboot.caching.CachingDelegateEncryptablePropertySource] [33m[main][m- Property Source Config resource 'class path resource [application.yml]' via location 'optional:classpath:/' (document #1) refreshed
 -[36m2025/06/18 10:04:01,034[m [32m[INFO ][m  [com.ulisesbocchio.jasyptspringboot.caching.CachingDelegateEncryptablePropertySource] [33m[main][m- Property Source Config resource 'class path resource [application.yml]' via location 'optional:classpath:/' (document #0) refreshed
 -[36m2025/06/18 10:04:01,035[m [32m[INFO ][m  [com.ulisesbocchio.jasyptspringboot.EncryptablePropertySourceConverter] [33m[main][m- Skipping PropertySource configurationProperties [class org.springframework.boot.context.properties.source.ConfigurationPropertySourcesPropertySource
 -[36m2025/06/18 10:04:01,035[m [32m[INFO ][m  [com.ulisesbocchio.jasyptspringboot.EncryptablePropertySourceConverter] [33m[main][m- Skipping PropertySource servletConfigInitParams [class org.springframework.core.env.PropertySource$StubPropertySource
 -[36m2025/06/18 10:04:01,035[m [32m[INFO ][m  [com.ulisesbocchio.jasyptspringboot.EncryptablePropertySourceConverter] [33m[main][m- Converting PropertySource servletContextInitParams [org.springframework.web.context.support.ServletContextPropertySource] to EncryptableEnumerablePropertySourceWrapper
 -[36m2025/06/18 10:04:01,041[m [32m[INFO ][m  [org.springframework.boot.StartupInfoLogger] [33m[main][m- Started IamServiceApplication in 1.714 seconds (process running for 2.015)
 -[36m2025/06/18 10:04:01,088[m [34m[DEBUG][m  [com.zaxxer.hikari.pool.HikariPool$PoolEntryCreator] [33m[HikariPool-1 connection adder][m- HikariPool-1 - Added connection ConnectionID:7 ClientConnectionId: 11ce4276-2893-4966-947e-e5fd1a5c9f45
 -[36m2025/06/18 10:04:01,150[m [34m[DEBUG][m  [com.zaxxer.hikari.pool.HikariPool$PoolEntryCreator] [33m[HikariPool-1 connection adder][m- HikariPool-1 - Added connection ConnectionID:8 ClientConnectionId: a4d8f92f-e9e2-456d-ab26-74dca0c9e411
 -[36m2025/06/18 10:04:01,208[m [34m[DEBUG][m  [com.zaxxer.hikari.pool.HikariPool$PoolEntryCreator] [33m[HikariPool-1 connection adder][m- HikariPool-1 - Added connection ConnectionID:9 ClientConnectionId: 6dcdc425-bece-47cb-b33c-b4fc1b1a9e54
 -[36m2025/06/18 10:04:01,268[m [34m[DEBUG][m  [com.zaxxer.hikari.pool.HikariPool$PoolEntryCreator] [33m[HikariPool-1 connection adder][m- HikariPool-1 - Added connection ConnectionID:10 ClientConnectionId: 77e5df02-9e73-4a78-8141-e817b7bc619d
 -[36m2025/06/18 10:04:01,280[m [34m[DEBUG][m  [com.zaxxer.hikari.pool.HikariPool] [33m[HikariPool-1 connection adder][m- HikariPool-1 - After adding stats (total=10, active=0, idle=10, waiting=0)
 -[36m2025/06/18 10:04:30,726[m [34m[DEBUG][m  [com.zaxxer.hikari.pool.HikariPool] [33m[HikariPool-1 housekeeper][m- HikariPool-1 - Before cleanup stats (total=10, active=0, idle=10, waiting=0)
 -[36m2025/06/18 10:04:30,727[m [34m[DEBUG][m  [com.zaxxer.hikari.pool.HikariPool] [33m[HikariPool-1 housekeeper][m- HikariPool-1 - After cleanup  stats (total=10, active=0, idle=10, waiting=0)
 -[36m2025/06/18 10:04:30,727[m [34m[DEBUG][m  [com.zaxxer.hikari.pool.HikariPool] [33m[HikariPool-1 housekeeper][m- HikariPool-1 - Fill pool skipped, pool has sufficient level or currently being filled (queueDepth=0).
 -[36m2025/06/18 10:05:00,729[m [34m[DEBUG][m  [com.zaxxer.hikari.pool.HikariPool] [33m[HikariPool-1 housekeeper][m- HikariPool-1 - Before cleanup stats (total=10, active=0, idle=10, waiting=0)
 -[36m2025/06/18 10:05:00,730[m [34m[DEBUG][m  [com.zaxxer.hikari.pool.HikariPool] [33m[HikariPool-1 housekeeper][m- HikariPool-1 - After cleanup  stats (total=10, active=0, idle=10, waiting=0)
 -[36m2025/06/18 10:05:00,731[m [34m[DEBUG][m  [com.zaxxer.hikari.pool.HikariPool] [33m[HikariPool-1 housekeeper][m- HikariPool-1 - Fill pool skipped, pool has sufficient level or currently being filled (queueDepth=0).
 -[36m2025/06/18 10:05:30,732[m [34m[DEBUG][m  [com.zaxxer.hikari.pool.HikariPool] [33m[HikariPool-1 housekeeper][m- HikariPool-1 - Before cleanup stats (total=10, active=0, idle=10, waiting=0)
 -[36m2025/06/18 10:05:30,733[m [34m[DEBUG][m  [com.zaxxer.hikari.pool.HikariPool] [33m[HikariPool-1 housekeeper][m- HikariPool-1 - After cleanup  stats (total=10, active=0, idle=10, waiting=0)
 -[36m2025/06/18 10:05:30,733[m [34m[DEBUG][m  [com.zaxxer.hikari.pool.HikariPool] [33m[HikariPool-1 housekeeper][m- HikariPool-1 - Fill pool skipped, pool has sufficient level or currently being filled (queueDepth=0).
 -[36m2025/06/18 10:06:00,738[m [34m[DEBUG][m  [com.zaxxer.hikari.pool.HikariPool] [33m[HikariPool-1 housekeeper][m- HikariPool-1 - Before cleanup stats (total=10, active=0, idle=10, waiting=0)
 -[36m2025/06/18 10:06:00,739[m [34m[DEBUG][m  [com.zaxxer.hikari.pool.HikariPool] [33m[HikariPool-1 housekeeper][m- HikariPool-1 - After cleanup  stats (total=10, active=0, idle=10, waiting=0)
 -[36m2025/06/18 10:06:00,739[m [34m[DEBUG][m  [com.zaxxer.hikari.pool.HikariPool] [33m[HikariPool-1 housekeeper][m- HikariPool-1 - Fill pool skipped, pool has sufficient level or currently being filled (queueDepth=0).
 -[36m2025/06/18 10:06:30,742[m [34m[DEBUG][m  [com.zaxxer.hikari.pool.HikariPool] [33m[HikariPool-1 housekeeper][m- HikariPool-1 - Before cleanup stats (total=10, active=0, idle=10, waiting=0)
 -[36m2025/06/18 10:06:30,743[m [34m[DEBUG][m  [com.zaxxer.hikari.pool.HikariPool] [33m[HikariPool-1 housekeeper][m- HikariPool-1 - After cleanup  stats (total=10, active=0, idle=10, waiting=0)
 -[36m2025/06/18 10:06:30,743[m [34m[DEBUG][m  [com.zaxxer.hikari.pool.HikariPool] [33m[HikariPool-1 housekeeper][m- HikariPool-1 - Fill pool skipped, pool has sufficient level or currently being filled (queueDepth=0).
 -[36m2025/06/18 10:07:00,745[m [34m[DEBUG][m  [com.zaxxer.hikari.pool.HikariPool] [33m[HikariPool-1 housekeeper][m- HikariPool-1 - Before cleanup stats (total=10, active=0, idle=10, waiting=0)
 -[36m2025/06/18 10:07:00,746[m [34m[DEBUG][m  [com.zaxxer.hikari.pool.HikariPool] [33m[HikariPool-1 housekeeper][m- HikariPool-1 - After cleanup  stats (total=10, active=0, idle=10, waiting=0)
 -[36m2025/06/18 10:07:00,746[m [34m[DEBUG][m  [com.zaxxer.hikari.pool.HikariPool] [33m[HikariPool-1 housekeeper][m- HikariPool-1 - Fill pool skipped, pool has sufficient level or currently being filled (queueDepth=0).
 -[36m2025/06/18 10:07:30,751[m [34m[DEBUG][m  [com.zaxxer.hikari.pool.HikariPool] [33m[HikariPool-1 housekeeper][m- HikariPool-1 - Before cleanup stats (total=10, active=0, idle=10, waiting=0)
 -[36m2025/06/18 10:07:30,752[m [34m[DEBUG][m  [com.zaxxer.hikari.pool.HikariPool] [33m[HikariPool-1 housekeeper][m- HikariPool-1 - After cleanup  stats (total=10, active=0, idle=10, waiting=0)
 -[36m2025/06/18 10:07:30,752[m [34m[DEBUG][m  [com.zaxxer.hikari.pool.HikariPool] [33m[HikariPool-1 housekeeper][m- HikariPool-1 - Fill pool skipped, pool has sufficient level or currently being filled (queueDepth=0).
 -[36m2025/06/18 10:08:00,759[m [34m[DEBUG][m  [com.zaxxer.hikari.pool.HikariPool] [33m[HikariPool-1 housekeeper][m- HikariPool-1 - Before cleanup stats (total=10, active=0, idle=10, waiting=0)
 -[36m2025/06/18 10:08:00,760[m [34m[DEBUG][m  [com.zaxxer.hikari.pool.HikariPool] [33m[HikariPool-1 housekeeper][m- HikariPool-1 - After cleanup  stats (total=10, active=0, idle=10, waiting=0)
 -[36m2025/06/18 10:08:00,760[m [34m[DEBUG][m  [com.zaxxer.hikari.pool.HikariPool] [33m[HikariPool-1 housekeeper][m- HikariPool-1 - Fill pool skipped, pool has sufficient level or currently being filled (queueDepth=0).
 -[36m2025/06/18 10:08:30,766[m [34m[DEBUG][m  [com.zaxxer.hikari.pool.HikariPool] [33m[HikariPool-1 housekeeper][m- HikariPool-1 - Before cleanup stats (total=10, active=0, idle=10, waiting=0)
 -[36m2025/06/18 10:08:30,767[m [34m[DEBUG][m  [com.zaxxer.hikari.pool.HikariPool] [33m[HikariPool-1 housekeeper][m- HikariPool-1 - After cleanup  stats (total=10, active=0, idle=10, waiting=0)
 -[36m2025/06/18 10:08:30,767[m [34m[DEBUG][m  [com.zaxxer.hikari.pool.HikariPool] [33m[HikariPool-1 housekeeper][m- HikariPool-1 - Fill pool skipped, pool has sufficient level or currently being filled (queueDepth=0).
 -[36m2025/06/18 10:09:00,769[m [34m[DEBUG][m  [com.zaxxer.hikari.pool.HikariPool] [33m[HikariPool-1 housekeeper][m- HikariPool-1 - Before cleanup stats (total=10, active=0, idle=10, waiting=0)
 -[36m2025/06/18 10:09:00,769[m [34m[DEBUG][m  [com.zaxxer.hikari.pool.HikariPool] [33m[HikariPool-1 housekeeper][m- HikariPool-1 - After cleanup  stats (total=10, active=0, idle=10, waiting=0)
 -[36m2025/06/18 10:09:00,770[m [34m[DEBUG][m  [com.zaxxer.hikari.pool.HikariPool] [33m[HikariPool-1 housekeeper][m- HikariPool-1 - Fill pool skipped, pool has sufficient level or currently being filled (queueDepth=0).
 -[36m2025/06/18 10:09:30,775[m [34m[DEBUG][m  [com.zaxxer.hikari.pool.HikariPool] [33m[HikariPool-1 housekeeper][m- HikariPool-1 - Before cleanup stats (total=10, active=0, idle=10, waiting=0)
 -[36m2025/06/18 10:09:30,775[m [34m[DEBUG][m  [com.zaxxer.hikari.pool.HikariPool] [33m[HikariPool-1 housekeeper][m- HikariPool-1 - After cleanup  stats (total=10, active=0, idle=10, waiting=0)
 -[36m2025/06/18 10:09:30,775[m [34m[DEBUG][m  [com.zaxxer.hikari.pool.HikariPool] [33m[HikariPool-1 housekeeper][m- HikariPool-1 - Fill pool skipped, pool has sufficient level or currently being filled (queueDepth=0).
 -[36m2025/06/18 10:10:00,776[m [34m[DEBUG][m  [com.zaxxer.hikari.pool.HikariPool] [33m[HikariPool-1 housekeeper][m- HikariPool-1 - Before cleanup stats (total=10, active=0, idle=10, waiting=0)
 -[36m2025/06/18 10:10:00,777[m [34m[DEBUG][m  [com.zaxxer.hikari.pool.HikariPool] [33m[HikariPool-1 housekeeper][m- HikariPool-1 - After cleanup  stats (total=10, active=0, idle=10, waiting=0)
 -[36m2025/06/18 10:10:00,777[m [34m[DEBUG][m  [com.zaxxer.hikari.pool.HikariPool] [33m[HikariPool-1 housekeeper][m- HikariPool-1 - Fill pool skipped, pool has sufficient level or currently being filled (queueDepth=0).
 -[36m2025/06/18 10:10:30,778[m [34m[DEBUG][m  [com.zaxxer.hikari.pool.HikariPool] [33m[HikariPool-1 housekeeper][m- HikariPool-1 - Before cleanup stats (total=10, active=0, idle=10, waiting=0)
 -[36m2025/06/18 10:10:30,778[m [34m[DEBUG][m  [com.zaxxer.hikari.pool.HikariPool] [33m[HikariPool-1 housekeeper][m- HikariPool-1 - After cleanup  stats (total=10, active=0, idle=10, waiting=0)
 -[36m2025/06/18 10:10:30,778[m [34m[DEBUG][m  [com.zaxxer.hikari.pool.HikariPool] [33m[HikariPool-1 housekeeper][m- HikariPool-1 - Fill pool skipped, pool has sufficient level or currently being filled (queueDepth=0).
 -[36m2025/06/18 10:11:00,779[m [34m[DEBUG][m  [com.zaxxer.hikari.pool.HikariPool] [33m[HikariPool-1 housekeeper][m- HikariPool-1 - Before cleanup stats (total=10, active=0, idle=10, waiting=0)
 -[36m2025/06/18 10:11:00,780[m [34m[DEBUG][m  [com.zaxxer.hikari.pool.HikariPool] [33m[HikariPool-1 housekeeper][m- HikariPool-1 - After cleanup  stats (total=10, active=0, idle=10, waiting=0)
 -[36m2025/06/18 10:11:00,780[m [34m[DEBUG][m  [com.zaxxer.hikari.pool.HikariPool] [33m[HikariPool-1 housekeeper][m- HikariPool-1 - Fill pool skipped, pool has sufficient level or currently being filled (queueDepth=0).
 -[36m2025/06/18 10:11:30,781[m [34m[DEBUG][m  [com.zaxxer.hikari.pool.HikariPool] [33m[HikariPool-1 housekeeper][m- HikariPool-1 - Before cleanup stats (total=10, active=0, idle=10, waiting=0)
 -[36m2025/06/18 10:11:30,782[m [34m[DEBUG][m  [com.zaxxer.hikari.pool.HikariPool] [33m[HikariPool-1 housekeeper][m- HikariPool-1 - After cleanup  stats (total=10, active=0, idle=10, waiting=0)
 -[36m2025/06/18 10:11:30,783[m [34m[DEBUG][m  [com.zaxxer.hikari.pool.HikariPool] [33m[HikariPool-1 housekeeper][m- HikariPool-1 - Fill pool skipped, pool has sufficient level or currently being filled (queueDepth=0).
 -[36m2025/06/18 10:12:00,784[m [34m[DEBUG][m  [com.zaxxer.hikari.pool.HikariPool] [33m[HikariPool-1 housekeeper][m- HikariPool-1 - Before cleanup stats (total=10, active=0, idle=10, waiting=0)
 -[36m2025/06/18 10:12:00,784[m [34m[DEBUG][m  [com.zaxxer.hikari.pool.HikariPool] [33m[HikariPool-1 housekeeper][m- HikariPool-1 - After cleanup  stats (total=10, active=0, idle=10, waiting=0)
 -[36m2025/06/18 10:12:00,784[m [34m[DEBUG][m  [com.zaxxer.hikari.pool.HikariPool] [33m[HikariPool-1 housekeeper][m- HikariPool-1 - Fill pool skipped, pool has sufficient level or currently being filled (queueDepth=0).
 -[36m2025/06/18 10:12:30,787[m [34m[DEBUG][m  [com.zaxxer.hikari.pool.HikariPool] [33m[HikariPool-1 housekeeper][m- HikariPool-1 - Before cleanup stats (total=10, active=0, idle=10, waiting=0)
 -[36m2025/06/18 10:12:30,789[m [34m[DEBUG][m  [com.zaxxer.hikari.pool.HikariPool] [33m[HikariPool-1 housekeeper][m- HikariPool-1 - After cleanup  stats (total=10, active=0, idle=10, waiting=0)
 -[36m2025/06/18 10:12:30,789[m [34m[DEBUG][m  [com.zaxxer.hikari.pool.HikariPool] [33m[HikariPool-1 housekeeper][m- HikariPool-1 - Fill pool skipped, pool has sufficient level or currently being filled (queueDepth=0).
 -[36m2025/06/18 10:13:00,792[m [34m[DEBUG][m  [com.zaxxer.hikari.pool.HikariPool] [33m[HikariPool-1 housekeeper][m- HikariPool-1 - Before cleanup stats (total=10, active=0, idle=10, waiting=0)
 -[36m2025/06/18 10:13:00,792[m [34m[DEBUG][m  [com.zaxxer.hikari.pool.HikariPool] [33m[HikariPool-1 housekeeper][m- HikariPool-1 - After cleanup  stats (total=10, active=0, idle=10, waiting=0)
 -[36m2025/06/18 10:13:00,792[m [34m[DEBUG][m  [com.zaxxer.hikari.pool.HikariPool] [33m[HikariPool-1 housekeeper][m- HikariPool-1 - Fill pool skipped, pool has sufficient level or currently being filled (queueDepth=0).
 -[36m2025/06/18 10:13:30,795[m [34m[DEBUG][m  [com.zaxxer.hikari.pool.HikariPool] [33m[HikariPool-1 housekeeper][m- HikariPool-1 - Before cleanup stats (total=10, active=0, idle=10, waiting=0)
 -[36m2025/06/18 10:13:30,796[m [34m[DEBUG][m  [com.zaxxer.hikari.pool.HikariPool] [33m[HikariPool-1 housekeeper][m- HikariPool-1 - After cleanup  stats (total=10, active=0, idle=10, waiting=0)
 -[36m2025/06/18 10:13:30,796[m [34m[DEBUG][m  [com.zaxxer.hikari.pool.HikariPool] [33m[HikariPool-1 housekeeper][m- HikariPool-1 - Fill pool skipped, pool has sufficient level or currently being filled (queueDepth=0).
 -[36m2025/06/18 10:14:00,800[m [34m[DEBUG][m  [com.zaxxer.hikari.pool.HikariPool] [33m[HikariPool-1 housekeeper][m- HikariPool-1 - Before cleanup stats (total=10, active=0, idle=10, waiting=0)
 -[36m2025/06/18 10:14:00,801[m [34m[DEBUG][m  [com.zaxxer.hikari.pool.HikariPool] [33m[HikariPool-1 housekeeper][m- HikariPool-1 - After cleanup  stats (total=10, active=0, idle=10, waiting=0)
 -[36m2025/06/18 10:14:00,802[m [34m[DEBUG][m  [com.zaxxer.hikari.pool.HikariPool] [33m[HikariPool-1 housekeeper][m- HikariPool-1 - Fill pool skipped, pool has sufficient level or currently being filled (queueDepth=0).
 -[36m2025/06/18 10:14:30,807[m [34m[DEBUG][m  [com.zaxxer.hikari.pool.HikariPool] [33m[HikariPool-1 housekeeper][m- HikariPool-1 - Before cleanup stats (total=10, active=0, idle=10, waiting=0)
 -[36m2025/06/18 10:14:30,808[m [34m[DEBUG][m  [com.zaxxer.hikari.pool.HikariPool] [33m[HikariPool-1 housekeeper][m- HikariPool-1 - After cleanup  stats (total=10, active=0, idle=10, waiting=0)
 -[36m2025/06/18 10:14:30,808[m [34m[DEBUG][m  [com.zaxxer.hikari.pool.HikariPool] [33m[HikariPool-1 housekeeper][m- HikariPool-1 - Fill pool skipped, pool has sufficient level or currently being filled (queueDepth=0).
 -[36m2025/06/18 10:15:00,809[m [34m[DEBUG][m  [com.zaxxer.hikari.pool.HikariPool] [33m[HikariPool-1 housekeeper][m- HikariPool-1 - Before cleanup stats (total=10, active=0, idle=10, waiting=0)
 -[36m2025/06/18 10:15:00,810[m [34m[DEBUG][m  [com.zaxxer.hikari.pool.HikariPool] [33m[HikariPool-1 housekeeper][m- HikariPool-1 - After cleanup  stats (total=10, active=0, idle=10, waiting=0)
 -[36m2025/06/18 10:15:00,810[m [34m[DEBUG][m  [com.zaxxer.hikari.pool.HikariPool] [33m[HikariPool-1 housekeeper][m- HikariPool-1 - Fill pool skipped, pool has sufficient level or currently being filled (queueDepth=0).
 -[36m2025/06/18 10:15:30,812[m [34m[DEBUG][m  [com.zaxxer.hikari.pool.HikariPool] [33m[HikariPool-1 housekeeper][m- HikariPool-1 - Before cleanup stats (total=10, active=0, idle=10, waiting=0)
 -[36m2025/06/18 10:15:30,813[m [34m[DEBUG][m  [com.zaxxer.hikari.pool.HikariPool] [33m[HikariPool-1 housekeeper][m- HikariPool-1 - After cleanup  stats (total=10, active=0, idle=10, waiting=0)
 -[36m2025/06/18 10:15:30,813[m [34m[DEBUG][m  [com.zaxxer.hikari.pool.HikariPool] [33m[HikariPool-1 housekeeper][m- HikariPool-1 - Fill pool skipped, pool has sufficient level or currently being filled (queueDepth=0).
 -[36m2025/06/18 10:16:00,815[m [34m[DEBUG][m  [com.zaxxer.hikari.pool.HikariPool] [33m[HikariPool-1 housekeeper][m- HikariPool-1 - Before cleanup stats (total=10, active=0, idle=10, waiting=0)
 -[36m2025/06/18 10:16:00,816[m [34m[DEBUG][m  [com.zaxxer.hikari.pool.HikariPool] [33m[HikariPool-1 housekeeper][m- HikariPool-1 - After cleanup  stats (total=10, active=0, idle=10, waiting=0)
 -[36m2025/06/18 10:16:00,816[m [34m[DEBUG][m  [com.zaxxer.hikari.pool.HikariPool] [33m[HikariPool-1 housekeeper][m- HikariPool-1 - Fill pool skipped, pool has sufficient level or currently being filled (queueDepth=0).
 -[36m2025/06/18 10:16:30,821[m [34m[DEBUG][m  [com.zaxxer.hikari.pool.HikariPool] [33m[HikariPool-1 housekeeper][m- HikariPool-1 - Before cleanup stats (total=10, active=0, idle=10, waiting=0)
 -[36m2025/06/18 10:16:30,821[m [34m[DEBUG][m  [com.zaxxer.hikari.pool.HikariPool] [33m[HikariPool-1 housekeeper][m- HikariPool-1 - After cleanup  stats (total=10, active=0, idle=10, waiting=0)
 -[36m2025/06/18 10:16:30,821[m [34m[DEBUG][m  [com.zaxxer.hikari.pool.HikariPool] [33m[HikariPool-1 housekeeper][m- HikariPool-1 - Fill pool skipped, pool has sufficient level or currently being filled (queueDepth=0).
 -[36m2025/06/18 10:17:00,824[m [34m[DEBUG][m  [com.zaxxer.hikari.pool.HikariPool] [33m[HikariPool-1 housekeeper][m- HikariPool-1 - Before cleanup stats (total=10, active=0, idle=10, waiting=0)
 -[36m2025/06/18 10:17:00,826[m [34m[DEBUG][m  [com.zaxxer.hikari.pool.HikariPool] [33m[HikariPool-1 housekeeper][m- HikariPool-1 - After cleanup  stats (total=10, active=0, idle=10, waiting=0)
 -[36m2025/06/18 10:17:00,827[m [34m[DEBUG][m  [com.zaxxer.hikari.pool.HikariPool] [33m[HikariPool-1 housekeeper][m- HikariPool-1 - Fill pool skipped, pool has sufficient level or currently being filled (queueDepth=0).
 -[36m2025/06/18 10:17:30,831[m [34m[DEBUG][m  [com.zaxxer.hikari.pool.HikariPool] [33m[HikariPool-1 housekeeper][m- HikariPool-1 - Before cleanup stats (total=10, active=0, idle=10, waiting=0)
 -[36m2025/06/18 10:17:30,833[m [34m[DEBUG][m  [com.zaxxer.hikari.pool.HikariPool] [33m[HikariPool-1 housekeeper][m- HikariPool-1 - After cleanup  stats (total=10, active=0, idle=10, waiting=0)
 -[36m2025/06/18 10:17:30,833[m [34m[DEBUG][m  [com.zaxxer.hikari.pool.HikariPool] [33m[HikariPool-1 housekeeper][m- HikariPool-1 - Fill pool skipped, pool has sufficient level or currently being filled (queueDepth=0).
 -[36m2025/06/18 10:18:00,834[m [34m[DEBUG][m  [com.zaxxer.hikari.pool.HikariPool] [33m[HikariPool-1 housekeeper][m- HikariPool-1 - Before cleanup stats (total=10, active=0, idle=10, waiting=0)
 -[36m2025/06/18 10:18:00,835[m [34m[DEBUG][m  [com.zaxxer.hikari.pool.HikariPool] [33m[HikariPool-1 housekeeper][m- HikariPool-1 - After cleanup  stats (total=10, active=0, idle=10, waiting=0)
 -[36m2025/06/18 10:18:00,835[m [34m[DEBUG][m  [com.zaxxer.hikari.pool.HikariPool] [33m[HikariPool-1 housekeeper][m- HikariPool-1 - Fill pool skipped, pool has sufficient level or currently being filled (queueDepth=0).
 -[36m2025/06/18 10:18:30,836[m [34m[DEBUG][m  [com.zaxxer.hikari.pool.HikariPool] [33m[HikariPool-1 housekeeper][m- HikariPool-1 - Before cleanup stats (total=10, active=0, idle=10, waiting=0)
 -[36m2025/06/18 10:18:30,837[m [34m[DEBUG][m  [com.zaxxer.hikari.pool.HikariPool] [33m[HikariPool-1 housekeeper][m- HikariPool-1 - After cleanup  stats (total=10, active=0, idle=10, waiting=0)
 -[36m2025/06/18 10:18:30,837[m [34m[DEBUG][m  [com.zaxxer.hikari.pool.HikariPool] [33m[HikariPool-1 housekeeper][m- HikariPool-1 - Fill pool skipped, pool has sufficient level or currently being filled (queueDepth=0).
 -[36m2025/06/18 10:19:00,839[m [34m[DEBUG][m  [com.zaxxer.hikari.pool.HikariPool] [33m[HikariPool-1 housekeeper][m- HikariPool-1 - Before cleanup stats (total=10, active=0, idle=10, waiting=0)
 -[36m2025/06/18 10:19:00,840[m [34m[DEBUG][m  [com.zaxxer.hikari.pool.HikariPool] [33m[HikariPool-1 housekeeper][m- HikariPool-1 - After cleanup  stats (total=10, active=0, idle=10, waiting=0)
 -[36m2025/06/18 10:19:00,841[m [34m[DEBUG][m  [com.zaxxer.hikari.pool.HikariPool] [33m[HikariPool-1 housekeeper][m- HikariPool-1 - Fill pool skipped, pool has sufficient level or currently being filled (queueDepth=0).
 -[36m2025/06/18 10:19:30,843[m [34m[DEBUG][m  [com.zaxxer.hikari.pool.HikariPool] [33m[HikariPool-1 housekeeper][m- HikariPool-1 - Before cleanup stats (total=10, active=0, idle=10, waiting=0)
 -[36m2025/06/18 10:19:30,843[m [34m[DEBUG][m  [com.zaxxer.hikari.pool.HikariPool] [33m[HikariPool-1 housekeeper][m- HikariPool-1 - After cleanup  stats (total=10, active=0, idle=10, waiting=0)
 -[36m2025/06/18 10:19:30,843[m [34m[DEBUG][m  [com.zaxxer.hikari.pool.HikariPool] [33m[HikariPool-1 housekeeper][m- HikariPool-1 - Fill pool skipped, pool has sufficient level or currently being filled (queueDepth=0).
 -[36m2025/06/18 10:20:00,846[m [34m[DEBUG][m  [com.zaxxer.hikari.pool.HikariPool] [33m[HikariPool-1 housekeeper][m- HikariPool-1 - Before cleanup stats (total=10, active=0, idle=10, waiting=0)
 -[36m2025/06/18 10:20:00,847[m [34m[DEBUG][m  [com.zaxxer.hikari.pool.HikariPool] [33m[HikariPool-1 housekeeper][m- HikariPool-1 - After cleanup  stats (total=10, active=0, idle=10, waiting=0)
 -[36m2025/06/18 10:20:00,847[m [34m[DEBUG][m  [com.zaxxer.hikari.pool.HikariPool] [33m[HikariPool-1 housekeeper][m- HikariPool-1 - Fill pool skipped, pool has sufficient level or currently being filled (queueDepth=0).
 -[36m2025/06/18 10:20:30,850[m [34m[DEBUG][m  [com.zaxxer.hikari.pool.HikariPool] [33m[HikariPool-1 housekeeper][m- HikariPool-1 - Before cleanup stats (total=10, active=0, idle=10, waiting=0)
 -[36m2025/06/18 10:20:30,851[m [34m[DEBUG][m  [com.zaxxer.hikari.pool.HikariPool] [33m[HikariPool-1 housekeeper][m- HikariPool-1 - After cleanup  stats (total=10, active=0, idle=10, waiting=0)
 -[36m2025/06/18 10:20:30,851[m [34m[DEBUG][m  [com.zaxxer.hikari.pool.HikariPool] [33m[HikariPool-1 housekeeper][m- HikariPool-1 - Fill pool skipped, pool has sufficient level or currently being filled (queueDepth=0).
 -[36m2025/06/18 10:20:59,936[m [32m[INFO ][m  [com.zaxxer.hikari.HikariDataSource] [33m[SpringApplicationShutdownHook][m- HikariPool-1 - Shutdown initiated...
 -[36m2025/06/18 10:20:59,936[m [34m[DEBUG][m  [com.zaxxer.hikari.pool.HikariPool] [33m[SpringApplicationShutdownHook][m- HikariPool-1 - Before shutdown stats (total=10, active=0, idle=10, waiting=0)
 -[36m2025/06/18 10:20:59,938[m [34m[DEBUG][m  [com.zaxxer.hikari.pool.HikariPool] [33m[SpringApplicationShutdownHook][m- HikariPool-1 - After shutdown stats (total=0, active=0, idle=0, waiting=0)
 -[36m2025/06/18 10:20:59,938[m [32m[INFO ][m  [com.zaxxer.hikari.HikariDataSource] [33m[SpringApplicationShutdownHook][m- HikariPool-1 - Shutdown completed.
 -