[36m2025/06/19 10:38:26,799[m [32m[INFO ][m  [org.springframework.boot.SpringApplicationBannerPrinter] [33m[restartedMain][m- 
  ____  _____ ____ _____   ____  _____ ______     _____ ____ _____
 |  _ \| ____/ ___|_   _| / ___|| ____|  _ \ \   / /_ _/ ___| ____|
 | |_) |  _| \___ \ | |   \___ \|  _| | |_) \ \ / / | | |   |  _|
 |  _ <| |___ ___) || |    ___) | |___|  _ < \ V /  | | |___| |___
 |_| \_\_____|____/ |_|   |____/|_____|_| \_\ \_/  |___\____|_____|

    :: Spring Boot ::                (v3.0.5) ==== rest-service-0.0.1-SNAPSHOT.jar ====

 -[36m2025/06/19 10:38:26,800[m [32m[INFO ][m  [org.springframework.boot.StartupInfoLogger] [33m[restartedMain][m- Starting RestServiceApplication using Java 17.0.14 with PID 12648 (/Users/gilzako/IdeaProjects/new_tankapp_backend/rest-service/target/classes started by gilzako in /Users/gilzako/IdeaProjects/new_tankapp_backend)
 -[36m2025/06/19 10:38:26,801[m [32m[INFO ][m  [org.springframework.boot.SpringApplication] [33m[restartedMain][m- The following 1 profile is active: "development"
 -[36m2025/06/19 10:38:26,854[m [32m[INFO ][m  [org.springframework.data.repository.config.RepositoryConfigurationDelegate] [33m[restartedMain][m- Multiple Spring Data modules found, entering strict repository configuration mode
 -[36m2025/06/19 10:38:26,854[m [32m[INFO ][m  [org.springframework.data.repository.config.RepositoryConfigurationDelegate] [33m[restartedMain][m- Bootstrapping Spring Data JPA repositories in DEFAULT mode.
 -[36m2025/06/19 10:38:26,856[m [32m[INFO ][m  [org.springframework.data.repository.config.RepositoryConfigurationDelegate] [33m[restartedMain][m- Finished Spring Data repository scanning in 2 ms. Found 0 JPA repository interfaces.
 -[36m2025/06/19 10:38:26,879[m [32m[INFO ][m  [org.springframework.cloud.context.scope.GenericScope] [33m[restartedMain][m- BeanFactory id=18305634-5ed5-35a6-8b17-6727f2b068a2
 -[36m2025/06/19 10:38:26,884[m [32m[INFO ][m  [com.ulisesbocchio.jasyptspringboot.configuration.EnableEncryptablePropertiesBeanFactoryPostProcessor] [33m[restartedMain][m- Post-processing PropertySource instances
 -[36m2025/06/19 10:38:26,884[m [32m[INFO ][m  [com.ulisesbocchio.jasyptspringboot.EncryptablePropertySourceConverter] [33m[restartedMain][m- Skipping PropertySource configurationProperties [class org.springframework.boot.context.properties.source.ConfigurationPropertySourcesPropertySource
 -[36m2025/06/19 10:38:26,884[m [32m[INFO ][m  [com.ulisesbocchio.jasyptspringboot.EncryptablePropertySourceConverter] [33m[restartedMain][m- Skipping PropertySource servletConfigInitParams [class org.springframework.core.env.PropertySource$StubPropertySource
 -[36m2025/06/19 10:38:26,885[m [32m[INFO ][m  [com.ulisesbocchio.jasyptspringboot.EncryptablePropertySourceConverter] [33m[restartedMain][m- Skipping PropertySource servletContextInitParams [class org.springframework.core.env.PropertySource$StubPropertySource
 -[36m2025/06/19 10:38:26,885[m [32m[INFO ][m  [com.ulisesbocchio.jasyptspringboot.EncryptablePropertySourceConverter] [33m[restartedMain][m- Converting PropertySource systemProperties [org.springframework.core.env.PropertiesPropertySource] to EncryptableMapPropertySourceWrapper
 -[36m2025/06/19 10:38:26,885[m [32m[INFO ][m  [com.ulisesbocchio.jasyptspringboot.EncryptablePropertySourceConverter] [33m[restartedMain][m- Converting PropertySource systemEnvironment [org.springframework.boot.env.SystemEnvironmentPropertySourceEnvironmentPostProcessor$OriginAwareSystemEnvironmentPropertySource] to EncryptableSystemEnvironmentPropertySourceWrapper
 -[36m2025/06/19 10:38:26,885[m [32m[INFO ][m  [com.ulisesbocchio.jasyptspringboot.EncryptablePropertySourceConverter] [33m[restartedMain][m- Converting PropertySource random [org.springframework.boot.env.RandomValuePropertySource] to EncryptablePropertySourceWrapper
 -[36m2025/06/19 10:38:26,885[m [32m[INFO ][m  [com.ulisesbocchio.jasyptspringboot.EncryptablePropertySourceConverter] [33m[restartedMain][m- Converting PropertySource cachedrandom [org.springframework.cloud.util.random.CachedRandomPropertySource] to EncryptablePropertySourceWrapper
 -[36m2025/06/19 10:38:26,885[m [32m[INFO ][m  [com.ulisesbocchio.jasyptspringboot.EncryptablePropertySourceConverter] [33m[restartedMain][m- Converting PropertySource springCloudClientHostInfo [org.springframework.core.env.MapPropertySource] to EncryptableMapPropertySourceWrapper
 -[36m2025/06/19 10:38:26,885[m [32m[INFO ][m  [com.ulisesbocchio.jasyptspringboot.EncryptablePropertySourceConverter] [33m[restartedMain][m- Converting PropertySource Config resource 'class path resource [application.properties]' via location 'optional:classpath:/' [org.springframework.boot.env.OriginTrackedMapPropertySource] to EncryptableMapPropertySourceWrapper
 -[36m2025/06/19 10:38:26,885[m [32m[INFO ][m  [com.ulisesbocchio.jasyptspringboot.EncryptablePropertySourceConverter] [33m[restartedMain][m- Converting PropertySource devtools [org.springframework.core.env.MapPropertySource] to EncryptableMapPropertySourceWrapper
 -[36m2025/06/19 10:38:26,894[m [32m[INFO ][m  [com.ulisesbocchio.jasyptspringboot.filter.DefaultLazyPropertyFilter] [33m[restartedMain][m- Property Filter custom Bean not found with name 'encryptablePropertyFilter'. Initializing Default Property Filter
 -[36m2025/06/19 10:38:26,895[m [32m[INFO ][m  [com.ulisesbocchio.jasyptspringboot.resolver.DefaultLazyPropertyResolver] [33m[restartedMain][m- Property Resolver custom Bean not found with name 'encryptablePropertyResolver'. Initializing Default Property Resolver
 -[36m2025/06/19 10:38:26,895[m [32m[INFO ][m  [com.ulisesbocchio.jasyptspringboot.detector.DefaultLazyPropertyDetector] [33m[restartedMain][m- Property Detector custom Bean not found with name 'encryptablePropertyDetector'. Initializing Default Property Detector
 -[36m2025/06/19 10:38:26,920[m [32m[INFO ][m  [org.springframework.boot.web.embedded.tomcat.TomcatWebServer] [33m[restartedMain][m- Tomcat initialized with port(s): 9083 (http)
 -[36m2025/06/19 10:38:26,921[m [32m[INFO ][m  [org.apache.juli.logging.DirectJDKLog] [33m[restartedMain][m- Initializing ProtocolHandler ["http-nio-0.0.0.0-9083"]
 -[36m2025/06/19 10:38:26,921[m [32m[INFO ][m  [org.apache.juli.logging.DirectJDKLog] [33m[restartedMain][m- Starting service [Tomcat]
 -[36m2025/06/19 10:38:26,921[m [32m[INFO ][m  [org.apache.juli.logging.DirectJDKLog] [33m[restartedMain][m- Starting Servlet engine: [Apache Tomcat/10.1.7]
 -[36m2025/06/19 10:38:26,927[m [32m[INFO ][m  [org.apache.juli.logging.DirectJDKLog] [33m[restartedMain][m- Initializing Spring embedded WebApplicationContext
 -[36m2025/06/19 10:38:26,927[m [32m[INFO ][m  [org.springframework.boot.web.servlet.context.ServletWebServerApplicationContext] [33m[restartedMain][m- Root WebApplicationContext: initialization completed in 126 ms
 -[36m2025/06/19 10:38:26,937[m [34m[DEBUG][m  [org.springframework.boot.web.servlet.ServletContextInitializerBeans] [33m[restartedMain][m- Mapping filters: springSecurityFilterChain urls=[/*] order=-100, characterEncodingFilter urls=[/*] order=-2147483648, formContentFilter urls=[/*] order=-9900, requestContextFilter urls=[/*] order=-105, initSettingFilter urls=[/*] order=2147483647
 -[36m2025/06/19 10:38:26,937[m [34m[DEBUG][m  [org.springframework.boot.web.servlet.ServletContextInitializerBeans] [33m[restartedMain][m- Mapping servlets: dispatcherServlet urls=[/]
 -[36m2025/06/19 10:38:26,951[m [32m[INFO ][m  [com.zaxxer.hikari.HikariDataSource] [33m[restartedMain][m- HikariPool-3 - Starting...
 -[36m2025/06/19 10:38:27,007[m [32m[INFO ][m  [com.zaxxer.hikari.pool.HikariPool] [33m[restartedMain][m- HikariPool-3 - Added connection ConnectionID:21 ClientConnectionId: 358557a2-fc32-4de2-8617-bb7a6db87a9c
 -[36m2025/06/19 10:38:27,007[m [32m[INFO ][m  [com.zaxxer.hikari.HikariDataSource] [33m[restartedMain][m- HikariPool-3 - Start completed.
 -[36m2025/06/19 10:38:27,007[m [32m[INFO ][m  [org.hibernate.jpa.internal.util.LogHelper] [33m[restartedMain][m- HHH000204: Processing PersistenceUnitInfo [name: default]
 -[36m2025/06/19 10:38:27,009[m [32m[INFO ][m  [org.hibernate.engine.jdbc.dialect.internal.DialectFactoryImpl] [33m[restartedMain][m- HHH000400: Using dialect: org.hibernate.dialect.SQLServer2012Dialect
 -[36m2025/06/19 10:38:27,009[m [33m[WARN ][m  [org.hibernate.engine.jdbc.dialect.internal.DialectFactoryImpl] [33m[restartedMain][m- HHH90000026: SQLServer2012Dialect has been deprecated; use org.hibernate.dialect.SQLServerDialect instead
 -[36m2025/06/19 10:38:27,029[m [32m[INFO ][m  [org.hibernate.engine.transaction.jta.platform.internal.JtaPlatformInitiator] [33m[restartedMain][m- HHH000490: Using JtaPlatform implementation: [org.hibernate.engine.transaction.jta.platform.internal.NoJtaPlatform]
 -[36m2025/06/19 10:38:27,029[m [32m[INFO ][m  [org.springframework.orm.jpa.AbstractEntityManagerFactoryBean] [33m[restartedMain][m- Initialized JPA EntityManagerFactory for persistence unit 'default'
 -[36m2025/06/19 10:38:27,059[m [33m[WARN ][m  [org.springframework.boot.autoconfigure.orm.jpa.JpaBaseConfiguration$JpaWebConfiguration] [33m[restartedMain][m- spring.jpa.open-in-view is enabled by default. Therefore, database queries may be performed during view rendering. Explicitly configure spring.jpa.open-in-view to disable this warning
 -[36m2025/06/19 10:38:27,068[m [33m[WARN ][m  [org.springframework.boot.autoconfigure.security.servlet.UserDetailsServiceAutoConfiguration] [33m[restartedMain][m- 

Using generated security password: 71f24c83-428c-47b2-aec0-0c185af6d4ab

This generated password is for development use only. Your security configuration must be updated before running your application in production.

 -[36m2025/06/19 10:38:27,083[m [32m[INFO ][m  [org.springframework.security.web.DefaultSecurityFilterChain] [33m[restartedMain][m- Will secure any request with [org.springframework.security.web.session.DisableEncodeUrlFilter@3ae85e42, org.springframework.security.web.context.request.async.WebAsyncManagerIntegrationFilter@234780b7, org.springframework.security.web.context.SecurityContextHolderFilter@714711ad, org.springframework.security.web.header.HeaderWriterFilter@73575453, org.springframework.web.filter.CorsFilter@11c51944, org.springframework.security.web.authentication.logout.LogoutFilter@5f88c7d7, org.springframework.security.web.savedrequest.RequestCacheAwareFilter@483d39b1, org.springframework.security.web.servletapi.SecurityContextHolderAwareRequestFilter@1011929, org.springframework.security.web.authentication.AnonymousAuthenticationFilter@2636ec5a, org.springframework.security.web.session.SessionManagementFilter@5248aab9, org.springframework.security.web.access.ExceptionTranslationFilter@72a97d41, org.springframework.security.web.access.intercept.AuthorizationFilter@77981b95]
 -[36m2025/06/19 10:38:27,095[m [34m[DEBUG][m  [org.springframework.web.servlet.handler.AbstractHandlerMethodMapping] [33m[restartedMain][m- 59 mappings in 'requestMappingHandlerMapping'
 -[36m2025/06/19 10:38:27,107[m [34m[DEBUG][m  [com.zaxxer.hikari.pool.HikariPool] [33m[HikariPool-3 housekeeper][m- HikariPool-3 - Before cleanup stats (total=1, active=0, idle=1, waiting=0)
 -[36m2025/06/19 10:38:27,107[m [34m[DEBUG][m  [com.zaxxer.hikari.pool.HikariPool] [33m[HikariPool-3 housekeeper][m- HikariPool-3 - After cleanup  stats (total=1, active=0, idle=1, waiting=0)
 -[36m2025/06/19 10:38:27,124[m [34m[DEBUG][m  [org.springframework.web.servlet.handler.SimpleUrlHandlerMapping] [33m[restartedMain][m- Patterns [/webjars/**, /**] in 'resourceHandlerMapping'
 -[36m2025/06/19 10:38:27,128[m [33m[WARN ][m  [org.springframework.security.config.annotation.web.builders.WebSecurity] [33m[restartedMain][m- You are asking Spring Security to ignore Mvc [pattern='/ì˜ˆì™¸ì²˜ë¦¬í•˜ê³  ì‹¶ì€ url ë‚˜ì—´']. This is not recommended -- please use permitAll via HttpSecurity#authorizeHttpRequests instead.
 -[36m2025/06/19 10:38:27,128[m [32m[INFO ][m  [org.springframework.security.web.DefaultSecurityFilterChain] [33m[restartedMain][m- Will not secure Mvc [pattern='/ì˜ˆì™¸ì²˜ë¦¬í•˜ê³  ì‹¶ì€ url ë‚˜ì—´']
 -[36m2025/06/19 10:38:27,140[m [34m[DEBUG][m  [org.springframework.web.servlet.mvc.method.annotation.RequestMappingHandlerAdapter] [33m[restartedMain][m- ControllerAdvice beans: 0 @ModelAttribute, 0 @InitBinder, 1 RequestBodyAdvice, 1 ResponseBodyAdvice
 -[36m2025/06/19 10:38:27,145[m [34m[DEBUG][m  [org.springframework.web.servlet.mvc.method.annotation.ExceptionHandlerExceptionResolver] [33m[restartedMain][m- ControllerAdvice beans: 1 @ExceptionHandler, 1 ResponseBodyAdvice
 -[36m2025/06/19 10:38:27,159[m [34m[DEBUG][m  [com.zaxxer.hikari.pool.HikariPool$PoolEntryCreator] [33m[HikariPool-3 connection adder][m- HikariPool-3 - Added connection ConnectionID:22 ClientConnectionId: bfa7b5ef-ef1c-4f3d-8fcd-7848e38d1041
 -[36m2025/06/19 10:38:27,218[m [34m[DEBUG][m  [com.zaxxer.hikari.pool.HikariPool$PoolEntryCreator] [33m[HikariPool-3 connection adder][m- HikariPool-3 - Added connection ConnectionID:23 ClientConnectionId: e8eaf2af-b508-4d1f-b727-9e59fceaf626
 -[36m2025/06/19 10:38:27,276[m [34m[DEBUG][m  [com.zaxxer.hikari.pool.HikariPool$PoolEntryCreator] [33m[HikariPool-3 connection adder][m- HikariPool-3 - Added connection ConnectionID:24 ClientConnectionId: 8816d42b-4e7b-4980-a2c0-d4b126a896e9
 -[36m2025/06/19 10:38:27,301[m [32m[INFO ][m  [org.springframework.boot.devtools.autoconfigure.OptionalLiveReloadServer] [33m[restartedMain][m- LiveReload server is running on port 35729
 -[36m2025/06/19 10:38:27,309[m [32m[INFO ][m  [org.springframework.cloud.netflix.eureka.config.DiscoveryClientOptionalArgsConfiguration] [33m[restartedMain][m- Eureka HTTP Client uses RestTemplate.
 -[36m2025/06/19 10:38:27,317[m [33m[WARN ][m  [org.springframework.cloud.loadbalancer.config.LoadBalancerCacheAutoConfiguration$LoadBalancerCaffeineWarnLogger] [33m[restartedMain][m- Spring Cloud LoadBalancer is currently working with the default cache. While this cache implementation is useful for development and tests, it's recommended to use Caffeine cache in production.You can switch to using Caffeine cache, by adding it and org.springframework.cache.caffeine.CaffeineCacheManager to the classpath.
 -[36m2025/06/19 10:38:27,325[m [34m[DEBUG][m  [com.zaxxer.hikari.pool.HikariPool$PoolEntryCreator] [33m[HikariPool-3 connection adder][m- HikariPool-3 - Added connection ConnectionID:25 ClientConnectionId: 371d2001-af54-4aaf-8809-6a286a877b00
 -[36m2025/06/19 10:38:27,341[m [32m[INFO ][m  [org.apache.juli.logging.DirectJDKLog] [33m[restartedMain][m- Starting ProtocolHandler ["http-nio-0.0.0.0-9083"]
 -[36m2025/06/19 10:38:27,342[m [32m[INFO ][m  [org.springframework.boot.web.embedded.tomcat.TomcatWebServer] [33m[restartedMain][m- Tomcat started on port(s): 9083 (http) with context path ''
 -[36m2025/06/19 10:38:27,342[m [32m[INFO ][m  [com.ulisesbocchio.jasyptspringboot.caching.RefreshScopeRefreshedEventListener] [33m[restartedMain][m- Refreshing cached encryptable property sources on ServletWebServerInitializedEvent
 -[36m2025/06/19 10:38:27,342[m [32m[INFO ][m  [com.ulisesbocchio.jasyptspringboot.caching.CachingDelegateEncryptablePropertySource] [33m[restartedMain][m- Property Source systemProperties refreshed
 -[36m2025/06/19 10:38:27,342[m [32m[INFO ][m  [com.ulisesbocchio.jasyptspringboot.caching.CachingDelegateEncryptablePropertySource] [33m[restartedMain][m- Property Source systemEnvironment refreshed
 -[36m2025/06/19 10:38:27,342[m [32m[INFO ][m  [com.ulisesbocchio.jasyptspringboot.caching.CachingDelegateEncryptablePropertySource] [33m[restartedMain][m- Property Source random refreshed
 -[36m2025/06/19 10:38:27,342[m [32m[INFO ][m  [com.ulisesbocchio.jasyptspringboot.caching.CachingDelegateEncryptablePropertySource] [33m[restartedMain][m- Property Source cachedrandom refreshed
 -[36m2025/06/19 10:38:27,342[m [32m[INFO ][m  [com.ulisesbocchio.jasyptspringboot.caching.CachingDelegateEncryptablePropertySource] [33m[restartedMain][m- Property Source springCloudClientHostInfo refreshed
 -[36m2025/06/19 10:38:27,342[m [32m[INFO ][m  [com.ulisesbocchio.jasyptspringboot.caching.CachingDelegateEncryptablePropertySource] [33m[restartedMain][m- Property Source Config resource 'class path resource [application.properties]' via location 'optional:classpath:/' refreshed
 -[36m2025/06/19 10:38:27,342[m [32m[INFO ][m  [com.ulisesbocchio.jasyptspringboot.caching.CachingDelegateEncryptablePropertySource] [33m[restartedMain][m- Property Source devtools refreshed
 -[36m2025/06/19 10:38:27,342[m [32m[INFO ][m  [com.ulisesbocchio.jasyptspringboot.EncryptablePropertySourceConverter] [33m[restartedMain][m- Skipping PropertySource configurationProperties [class org.springframework.boot.context.properties.source.ConfigurationPropertySourcesPropertySource
 -[36m2025/06/19 10:38:27,342[m [32m[INFO ][m  [com.ulisesbocchio.jasyptspringboot.EncryptablePropertySourceConverter] [33m[restartedMain][m- Skipping PropertySource servletConfigInitParams [class org.springframework.core.env.PropertySource$StubPropertySource
 -[36m2025/06/19 10:38:27,342[m [32m[INFO ][m  [com.ulisesbocchio.jasyptspringboot.EncryptablePropertySourceConverter] [33m[restartedMain][m- Converting PropertySource servletContextInitParams [org.springframework.web.context.support.ServletContextPropertySource] to EncryptableEnumerablePropertySourceWrapper
 -[36m2025/06/19 10:38:27,345[m [32m[INFO ][m  [org.springframework.boot.StartupInfoLogger] [33m[restartedMain][m- Started RestServiceApplication in 0.58 seconds (process running for 539.914)
 -[36m2025/06/19 10:38:27,346[m [32m[INFO ][m  [org.springframework.boot.devtools.autoconfigure.ConditionEvaluationDeltaLoggingListener] [33m[restartedMain][m- Condition evaluation unchanged
 -[36m2025/06/19 10:38:27,380[m [34m[DEBUG][m  [com.zaxxer.hikari.pool.HikariPool$PoolEntryCreator] [33m[HikariPool-3 connection adder][m- HikariPool-3 - Added connection ConnectionID:26 ClientConnectionId: 40e71049-2608-46ef-8667-cff47acba1a4
 -[36m2025/06/19 10:38:27,436[m [34m[DEBUG][m  [com.zaxxer.hikari.pool.HikariPool$PoolEntryCreator] [33m[HikariPool-3 connection adder][m- HikariPool-3 - Added connection ConnectionID:27 ClientConnectionId: e1c65045-d112-43e2-b220-58a8a3a05f8e
 -[36m2025/06/19 10:38:27,495[m [34m[DEBUG][m  [com.zaxxer.hikari.pool.HikariPool$PoolEntryCreator] [33m[HikariPool-3 connection adder][m- HikariPool-3 - Added connection ConnectionID:28 ClientConnectionId: c1d75339-dd13-4225-bdc1-ef4fe1c712e8
 -[36m2025/06/19 10:38:27,557[m [34m[DEBUG][m  [com.zaxxer.hikari.pool.HikariPool$PoolEntryCreator] [33m[HikariPool-3 connection adder][m- HikariPool-3 - Added connection ConnectionID:29 ClientConnectionId: 4a94a437-5e2b-4bed-82f2-1cda90a79ada
 -[36m2025/06/19 10:38:27,603[m [34m[DEBUG][m  [com.zaxxer.hikari.pool.HikariPool$PoolEntryCreator] [33m[HikariPool-3 connection adder][m- HikariPool-3 - Added connection ConnectionID:30 ClientConnectionId: 908bf052-abcf-4e5e-bd7f-3f4dae2a27cf
 -[36m2025/06/19 10:38:27,613[m [34m[DEBUG][m  [com.zaxxer.hikari.pool.HikariPool] [33m[HikariPool-3 connection adder][m- HikariPool-3 - After adding stats (total=10, active=0, idle=10, waiting=0)
 -[36m2025/06/19 10:38:57,111[m [34m[DEBUG][m  [com.zaxxer.hikari.pool.HikariPool] [33m[HikariPool-3 housekeeper][m- HikariPool-3 - Before cleanup stats (total=10, active=0, idle=10, waiting=0)
 -[36m2025/06/19 10:38:57,111[m [34m[DEBUG][m  [com.zaxxer.hikari.pool.HikariPool] [33m[HikariPool-3 housekeeper][m- HikariPool-3 - After cleanup  stats (total=10, active=0, idle=10, waiting=0)
 -[36m2025/06/19 10:38:57,111[m [34m[DEBUG][m  [com.zaxxer.hikari.pool.HikariPool] [33m[HikariPool-3 housekeeper][m- HikariPool-3 - Fill pool skipped, pool has sufficient level or currently being filled (queueDepth=0).
 -[36m2025/06/19 10:39:27,113[m [34m[DEBUG][m  [com.zaxxer.hikari.pool.HikariPool] [33m[HikariPool-3 housekeeper][m- HikariPool-3 - Before cleanup stats (total=10, active=0, idle=10, waiting=0)
 -[36m2025/06/19 10:39:27,113[m [34m[DEBUG][m  [com.zaxxer.hikari.pool.HikariPool] [33m[HikariPool-3 housekeeper][m- HikariPool-3 - After cleanup  stats (total=10, active=0, idle=10, waiting=0)
 -[36m2025/06/19 10:39:27,113[m [34m[DEBUG][m  [com.zaxxer.hikari.pool.HikariPool] [33m[HikariPool-3 housekeeper][m- HikariPool-3 - Fill pool skipped, pool has sufficient level or currently being filled (queueDepth=0).
 -[36m2025/06/19 10:39:38,720[m [32m[INFO ][m  [org.springframework.orm.jpa.AbstractEntityManagerFactoryBean] [33m[SpringApplicationShutdownHook][m- Closing JPA EntityManagerFactory for persistence unit 'default'
 -[36m2025/06/19 10:39:38,721[m [32m[INFO ][m  [com.zaxxer.hikari.HikariDataSource] [33m[SpringApplicationShutdownHook][m- HikariPool-3 - Shutdown initiated...
 -[36m2025/06/19 10:39:38,721[m [34m[DEBUG][m  [com.zaxxer.hikari.pool.HikariPool] [33m[SpringApplicationShutdownHook][m- HikariPool-3 - Before shutdown stats (total=10, active=0, idle=10, waiting=0)
 -[36m2025/06/19 10:39:38,722[m [34m[DEBUG][m  [com.zaxxer.hikari.pool.HikariPool] [33m[SpringApplicationShutdownHook][m- HikariPool-3 - After shutdown stats (total=0, active=0, idle=0, waiting=0)
 -[36m2025/06/19 10:39:38,722[m [32m[INFO ][m  [com.zaxxer.hikari.HikariDataSource] [33m[SpringApplicationShutdownHook][m- HikariPool-3 - Shutdown completed.
 -[36m2025/06/19 10:39:39,816[m [32m[INFO ][m  [org.springframework.boot.SpringApplicationBannerPrinter] [33m[restartedMain][m- 
  ____  _____ ____ _____   ____  _____ ______     _____ ____ _____
 |  _ \| ____/ ___|_   _| / ___|| ____|  _ \ \   / /_ _/ ___| ____|
 | |_) |  _| \___ \ | |   \___ \|  _| | |_) \ \ / / | | |   |  _|
 |  _ <| |___ ___) || |    ___) | |___|  _ < \ V /  | | |___| |___
 |_| \_\_____|____/ |_|   |____/|_____|_| \_\ \_/  |___\____|_____|

    :: Spring Boot ::                (v3.0.5) ==== rest-service-0.0.1-SNAPSHOT.jar ====

 -[36m2025/06/19 10:39:39,838[m [32m[INFO ][m  [org.springframework.boot.StartupInfoLogger] [33m[restartedMain][m- Starting RestServiceApplication using Java 17.0.14 with PID 13520 (/Users/gilzako/IdeaProjects/new_tankapp_backend/rest-service/target/classes started by gilzako in /Users/gilzako/IdeaProjects/new_tankapp_backend)
 -[36m2025/06/19 10:39:39,839[m [32m[INFO ][m  [org.springframework.boot.SpringApplication] [33m[restartedMain][m- The following 1 profile is active: "development"
 -[36m2025/06/19 10:39:39,853[m [32m[INFO ][m  [org.springframework.boot.logging.DeferredLog] [33m[restartedMain][m- Devtools property defaults active! Set 'spring.devtools.add-properties' to 'false' to disable
 -[36m2025/06/19 10:39:40,105[m [32m[INFO ][m  [org.springframework.data.repository.config.RepositoryConfigurationDelegate] [33m[restartedMain][m- Multiple Spring Data modules found, entering strict repository configuration mode
 -[36m2025/06/19 10:39:40,106[m [32m[INFO ][m  [org.springframework.data.repository.config.RepositoryConfigurationDelegate] [33m[restartedMain][m- Bootstrapping Spring Data JPA repositories in DEFAULT mode.
 -[36m2025/06/19 10:39:40,116[m [32m[INFO ][m  [org.springframework.data.repository.config.RepositoryConfigurationDelegate] [33m[restartedMain][m- Finished Spring Data repository scanning in 8 ms. Found 0 JPA repository interfaces.
 -[36m2025/06/19 10:39:40,208[m [32m[INFO ][m  [org.springframework.cloud.context.scope.GenericScope] [33m[restartedMain][m- BeanFactory id=18305634-5ed5-35a6-8b17-6727f2b068a2
 -[36m2025/06/19 10:39:40,231[m [32m[INFO ][m  [com.ulisesbocchio.jasyptspringboot.configuration.EnableEncryptablePropertiesBeanFactoryPostProcessor] [33m[restartedMain][m- Post-processing PropertySource instances
 -[36m2025/06/19 10:39:40,232[m [32m[INFO ][m  [com.ulisesbocchio.jasyptspringboot.EncryptablePropertySourceConverter] [33m[restartedMain][m- Skipping PropertySource configurationProperties [class org.springframework.boot.context.properties.source.ConfigurationPropertySourcesPropertySource
 -[36m2025/06/19 10:39:40,232[m [32m[INFO ][m  [com.ulisesbocchio.jasyptspringboot.EncryptablePropertySourceConverter] [33m[restartedMain][m- Skipping PropertySource servletConfigInitParams [class org.springframework.core.env.PropertySource$StubPropertySource
 -[36m2025/06/19 10:39:40,232[m [32m[INFO ][m  [com.ulisesbocchio.jasyptspringboot.EncryptablePropertySourceConverter] [33m[restartedMain][m- Skipping PropertySource servletContextInitParams [class org.springframework.core.env.PropertySource$StubPropertySource
 -[36m2025/06/19 10:39:40,232[m [32m[INFO ][m  [com.ulisesbocchio.jasyptspringboot.EncryptablePropertySourceConverter] [33m[restartedMain][m- Converting PropertySource systemProperties [org.springframework.core.env.PropertiesPropertySource] to EncryptableMapPropertySourceWrapper
 -[36m2025/06/19 10:39:40,232[m [32m[INFO ][m  [com.ulisesbocchio.jasyptspringboot.EncryptablePropertySourceConverter] [33m[restartedMain][m- Converting PropertySource systemEnvironment [org.springframework.boot.env.SystemEnvironmentPropertySourceEnvironmentPostProcessor$OriginAwareSystemEnvironmentPropertySource] to EncryptableSystemEnvironmentPropertySourceWrapper
 -[36m2025/06/19 10:39:40,233[m [32m[INFO ][m  [com.ulisesbocchio.jasyptspringboot.EncryptablePropertySourceConverter] [33m[restartedMain][m- Converting PropertySource random [org.springframework.boot.env.RandomValuePropertySource] to EncryptablePropertySourceWrapper
 -[36m2025/06/19 10:39:40,233[m [32m[INFO ][m  [com.ulisesbocchio.jasyptspringboot.EncryptablePropertySourceConverter] [33m[restartedMain][m- Converting PropertySource cachedrandom [org.springframework.cloud.util.random.CachedRandomPropertySource] to EncryptablePropertySourceWrapper
 -[36m2025/06/19 10:39:40,233[m [32m[INFO ][m  [com.ulisesbocchio.jasyptspringboot.EncryptablePropertySourceConverter] [33m[restartedMain][m- Converting PropertySource springCloudClientHostInfo [org.springframework.core.env.MapPropertySource] to EncryptableMapPropertySourceWrapper
 -[36m2025/06/19 10:39:40,233[m [32m[INFO ][m  [com.ulisesbocchio.jasyptspringboot.EncryptablePropertySourceConverter] [33m[restartedMain][m- Converting PropertySource Config resource 'class path resource [application.properties]' via location 'optional:classpath:/' [org.springframework.boot.env.OriginTrackedMapPropertySource] to EncryptableMapPropertySourceWrapper
 -[36m2025/06/19 10:39:40,233[m [32m[INFO ][m  [com.ulisesbocchio.jasyptspringboot.EncryptablePropertySourceConverter] [33m[restartedMain][m- Converting PropertySource devtools [org.springframework.core.env.MapPropertySource] to EncryptableMapPropertySourceWrapper
 -[36m2025/06/19 10:39:40,331[m [32m[INFO ][m  [com.ulisesbocchio.jasyptspringboot.filter.DefaultLazyPropertyFilter] [33m[restartedMain][m- Property Filter custom Bean not found with name 'encryptablePropertyFilter'. Initializing Default Property Filter
 -[36m2025/06/19 10:39:40,335[m [32m[INFO ][m  [com.ulisesbocchio.jasyptspringboot.resolver.DefaultLazyPropertyResolver] [33m[restartedMain][m- Property Resolver custom Bean not found with name 'encryptablePropertyResolver'. Initializing Default Property Resolver
 -[36m2025/06/19 10:39:40,336[m [32m[INFO ][m  [com.ulisesbocchio.jasyptspringboot.detector.DefaultLazyPropertyDetector] [33m[restartedMain][m- Property Detector custom Bean not found with name 'encryptablePropertyDetector'. Initializing Default Property Detector
 -[36m2025/06/19 10:39:40,489[m [32m[INFO ][m  [org.springframework.boot.web.embedded.tomcat.TomcatWebServer] [33m[restartedMain][m- Tomcat initialized with port(s): 9083 (http)
 -[36m2025/06/19 10:39:40,491[m [32m[INFO ][m  [org.apache.juli.logging.DirectJDKLog] [33m[restartedMain][m- Initializing ProtocolHandler ["http-nio-0.0.0.0-9083"]
 -[36m2025/06/19 10:39:40,492[m [32m[INFO ][m  [org.apache.juli.logging.DirectJDKLog] [33m[restartedMain][m- Starting service [Tomcat]
 -[36m2025/06/19 10:39:40,492[m [32m[INFO ][m  [org.apache.juli.logging.DirectJDKLog] [33m[restartedMain][m- Starting Servlet engine: [Apache Tomcat/10.1.7]
 -[36m2025/06/19 10:39:40,513[m [32m[INFO ][m  [org.apache.juli.logging.DirectJDKLog] [33m[restartedMain][m- Initializing Spring embedded WebApplicationContext
 -[36m2025/06/19 10:39:40,513[m [32m[INFO ][m  [org.springframework.boot.web.servlet.context.ServletWebServerApplicationContext] [33m[restartedMain][m- Root WebApplicationContext: initialization completed in 659 ms
 -[36m2025/06/19 10:39:40,528[m [34m[DEBUG][m  [org.springframework.boot.web.servlet.ServletContextInitializerBeans] [33m[restartedMain][m- Mapping filters: springSecurityFilterChain urls=[/*] order=-100, characterEncodingFilter urls=[/*] order=-2147483648, formContentFilter urls=[/*] order=-9900, requestContextFilter urls=[/*] order=-105, initSettingFilter urls=[/*] order=2147483647
 -[36m2025/06/19 10:39:40,528[m [34m[DEBUG][m  [org.springframework.boot.web.servlet.ServletContextInitializerBeans] [33m[restartedMain][m- Mapping servlets: dispatcherServlet urls=[/]
 -[36m2025/06/19 10:39:40,588[m [32m[INFO ][m  [com.zaxxer.hikari.HikariDataSource] [33m[restartedMain][m- HikariPool-1 - Starting...
 -[36m2025/06/19 10:39:40,717[m [32m[INFO ][m  [com.zaxxer.hikari.pool.HikariPool] [33m[restartedMain][m- HikariPool-1 - Added connection ConnectionID:1 ClientConnectionId: 65031c8b-95d9-4b4a-9a54-4f78e7ec15d0
 -[36m2025/06/19 10:39:40,717[m [32m[INFO ][m  [com.zaxxer.hikari.HikariDataSource] [33m[restartedMain][m- HikariPool-1 - Start completed.
 -[36m2025/06/19 10:39:40,733[m [32m[INFO ][m  [org.hibernate.jpa.internal.util.LogHelper] [33m[restartedMain][m- HHH000204: Processing PersistenceUnitInfo [name: default]
 -[36m2025/06/19 10:39:40,752[m [32m[INFO ][m  [org.hibernate.Version] [33m[restartedMain][m- HHH000412: Hibernate ORM core version 6.1.7.Final
 -[36m2025/06/19 10:39:40,820[m [34m[DEBUG][m  [com.zaxxer.hikari.pool.HikariPool] [33m[HikariPool-1 housekeeper][m- HikariPool-1 - Before cleanup stats (total=1, active=0, idle=1, waiting=0)
 -[36m2025/06/19 10:39:40,821[m [34m[DEBUG][m  [com.zaxxer.hikari.pool.HikariPool] [33m[HikariPool-1 housekeeper][m- HikariPool-1 - After cleanup  stats (total=1, active=0, idle=1, waiting=0)
 -[36m2025/06/19 10:39:40,851[m [32m[INFO ][m  [org.hibernate.engine.jdbc.dialect.internal.DialectFactoryImpl] [33m[restartedMain][m- HHH000400: Using dialect: org.hibernate.dialect.SQLServer2012Dialect
 -[36m2025/06/19 10:39:40,852[m [33m[WARN ][m  [org.hibernate.engine.jdbc.dialect.internal.DialectFactoryImpl] [33m[restartedMain][m- HHH90000026: SQLServer2012Dialect has been deprecated; use org.hibernate.dialect.SQLServerDialect instead
 -[36m2025/06/19 10:39:40,863[m [34m[DEBUG][m  [com.zaxxer.hikari.pool.HikariPool$PoolEntryCreator] [33m[HikariPool-1 connection adder][m- HikariPool-1 - Added connection ConnectionID:2 ClientConnectionId: 8b0b32a9-f8fd-4ee6-8a1c-c9ed094f0e3d
 -[36m2025/06/19 10:39:40,934[m [34m[DEBUG][m  [com.zaxxer.hikari.pool.HikariPool$PoolEntryCreator] [33m[HikariPool-1 connection adder][m- HikariPool-1 - Added connection ConnectionID:3 ClientConnectionId: 25e2e55e-8eb4-4739-a645-92849ade7c40
 -[36m2025/06/19 10:39:40,998[m [34m[DEBUG][m  [com.zaxxer.hikari.pool.HikariPool$PoolEntryCreator] [33m[HikariPool-1 connection adder][m- HikariPool-1 - Added connection ConnectionID:4 ClientConnectionId: 49049585-d674-43e9-baef-6b7d5ab5ff58
 -[36m2025/06/19 10:39:41,059[m [34m[DEBUG][m  [com.zaxxer.hikari.pool.HikariPool$PoolEntryCreator] [33m[HikariPool-1 connection adder][m- HikariPool-1 - Added connection ConnectionID:5 ClientConnectionId: b06f0f99-a1fc-4fd0-9f5c-09133be19683
 -[36m2025/06/19 10:39:41,102[m [32m[INFO ][m  [org.hibernate.engine.transaction.jta.platform.internal.JtaPlatformInitiator] [33m[restartedMain][m- HHH000490: Using JtaPlatform implementation: [org.hibernate.engine.transaction.jta.platform.internal.NoJtaPlatform]
 -[36m2025/06/19 10:39:41,106[m [32m[INFO ][m  [org.springframework.orm.jpa.AbstractEntityManagerFactoryBean] [33m[restartedMain][m- Initialized JPA EntityManagerFactory for persistence unit 'default'
 -[36m2025/06/19 10:39:41,109[m [34m[DEBUG][m  [com.zaxxer.hikari.pool.HikariPool$PoolEntryCreator] [33m[HikariPool-1 connection adder][m- HikariPool-1 - Added connection ConnectionID:6 ClientConnectionId: 47e28295-4738-4e60-8c51-d4590c191f2b
 -[36m2025/06/19 10:39:41,159[m [33m[WARN ][m  [org.springframework.boot.autoconfigure.orm.jpa.JpaBaseConfiguration$JpaWebConfiguration] [33m[restartedMain][m- spring.jpa.open-in-view is enabled by default. Therefore, database queries may be performed during view rendering. Explicitly configure spring.jpa.open-in-view to disable this warning
 -[36m2025/06/19 10:39:41,160[m [34m[DEBUG][m  [com.zaxxer.hikari.pool.HikariPool$PoolEntryCreator] [33m[HikariPool-1 connection adder][m- HikariPool-1 - Added connection ConnectionID:7 ClientConnectionId: 375e8c2b-cb93-4036-af52-7e78825c71c8
 -[36m2025/06/19 10:39:41,172[m [33m[WARN ][m  [org.springframework.boot.autoconfigure.security.servlet.UserDetailsServiceAutoConfiguration] [33m[restartedMain][m- 

Using generated security password: 9622b4d8-6041-4c67-b65c-660519553f18

This generated password is for development use only. Your security configuration must be updated before running your application in production.

 -[36m2025/06/19 10:39:41,225[m [32m[INFO ][m  [org.springframework.security.web.DefaultSecurityFilterChain] [33m[restartedMain][m- Will secure any request with [org.springframework.security.web.session.DisableEncodeUrlFilter@470a4813, org.springframework.security.web.context.request.async.WebAsyncManagerIntegrationFilter@76391bf1, org.springframework.security.web.context.SecurityContextHolderFilter@42eb5c71, org.springframework.security.web.header.HeaderWriterFilter@72a76195, org.springframework.web.filter.CorsFilter@cc5dd3a, org.springframework.security.web.authentication.logout.LogoutFilter@369c3a0d, org.springframework.security.web.savedrequest.RequestCacheAwareFilter@309edba7, org.springframework.security.web.servletapi.SecurityContextHolderAwareRequestFilter@7a4f066d, org.springframework.security.web.authentication.AnonymousAuthenticationFilter@42e325fc, org.springframework.security.web.session.SessionManagementFilter@b0da522, org.springframework.security.web.access.ExceptionTranslationFilter@19df53f0, org.springframework.security.web.access.intercept.AuthorizationFilter@71c8194a]
 -[36m2025/06/19 10:39:41,227[m [34m[DEBUG][m  [com.zaxxer.hikari.pool.HikariPool$PoolEntryCreator] [33m[HikariPool-1 connection adder][m- HikariPool-1 - Added connection ConnectionID:8 ClientConnectionId: b3f5f8b9-5a61-463c-bbdb-cb92cf4da797
 -[36m2025/06/19 10:39:41,254[m [34m[DEBUG][m  [org.springframework.web.servlet.handler.AbstractHandlerMethodMapping] [33m[restartedMain][m- 59 mappings in 'requestMappingHandlerMapping'
 -[36m2025/06/19 10:39:41,288[m [34m[DEBUG][m  [com.zaxxer.hikari.pool.HikariPool$PoolEntryCreator] [33m[HikariPool-1 connection adder][m- HikariPool-1 - Added connection ConnectionID:9 ClientConnectionId: d6239a21-ff98-48ca-a7be-8315803ff952
 -[36m2025/06/19 10:39:41,302[m [34m[DEBUG][m  [org.springframework.web.servlet.handler.SimpleUrlHandlerMapping] [33m[restartedMain][m- Patterns [/webjars/**, /**] in 'resourceHandlerMapping'
 -[36m2025/06/19 10:39:41,307[m [33m[WARN ][m  [org.springframework.security.config.annotation.web.builders.WebSecurity] [33m[restartedMain][m- You are asking Spring Security to ignore Mvc [pattern='/ì˜ˆì™¸ì²˜ë¦¬í•˜ê³  ì‹¶ì€ url ë‚˜ì—´']. This is not recommended -- please use permitAll via HttpSecurity#authorizeHttpRequests instead.
 -[36m2025/06/19 10:39:41,307[m [32m[INFO ][m  [org.springframework.security.web.DefaultSecurityFilterChain] [33m[restartedMain][m- Will not secure Mvc [pattern='/ì˜ˆì™¸ì²˜ë¦¬í•˜ê³  ì‹¶ì€ url ë‚˜ì—´']
 -[36m2025/06/19 10:39:41,336[m [34m[DEBUG][m  [org.springframework.web.servlet.mvc.method.annotation.RequestMappingHandlerAdapter] [33m[restartedMain][m- ControllerAdvice beans: 0 @ModelAttribute, 0 @InitBinder, 1 RequestBodyAdvice, 1 ResponseBodyAdvice
 -[36m2025/06/19 10:39:41,346[m [34m[DEBUG][m  [com.zaxxer.hikari.pool.HikariPool$PoolEntryCreator] [33m[HikariPool-1 connection adder][m- HikariPool-1 - Added connection ConnectionID:10 ClientConnectionId: 46043e34-7493-43a1-9fa5-6059c9df6bf0
 -[36m2025/06/19 10:39:41,354[m [34m[DEBUG][m  [org.springframework.web.servlet.mvc.method.annotation.ExceptionHandlerExceptionResolver] [33m[restartedMain][m- ControllerAdvice beans: 1 @ExceptionHandler, 1 ResponseBodyAdvice
 -[36m2025/06/19 10:39:41,357[m [34m[DEBUG][m  [com.zaxxer.hikari.pool.HikariPool] [33m[HikariPool-1 connection adder][m- HikariPool-1 - After adding stats (total=10, active=0, idle=10, waiting=0)
 -[36m2025/06/19 10:39:41,714[m [32m[INFO ][m  [org.springframework.boot.devtools.autoconfigure.OptionalLiveReloadServer] [33m[restartedMain][m- LiveReload server is running on port 35729
 -[36m2025/06/19 10:39:41,726[m [32m[INFO ][m  [org.springframework.cloud.netflix.eureka.config.DiscoveryClientOptionalArgsConfiguration] [33m[restartedMain][m- Eureka HTTP Client uses RestTemplate.
 -[36m2025/06/19 10:39:41,742[m [33m[WARN ][m  [org.springframework.cloud.loadbalancer.config.LoadBalancerCacheAutoConfiguration$LoadBalancerCaffeineWarnLogger] [33m[restartedMain][m- Spring Cloud LoadBalancer is currently working with the default cache. While this cache implementation is useful for development and tests, it's recommended to use Caffeine cache in production.You can switch to using Caffeine cache, by adding it and org.springframework.cache.caffeine.CaffeineCacheManager to the classpath.
 -[36m2025/06/19 10:39:41,775[m [32m[INFO ][m  [org.apache.juli.logging.DirectJDKLog] [33m[restartedMain][m- Starting ProtocolHandler ["http-nio-0.0.0.0-9083"]
 -[36m2025/06/19 10:39:41,781[m [32m[INFO ][m  [org.springframework.boot.web.embedded.tomcat.TomcatWebServer] [33m[restartedMain][m- Tomcat started on port(s): 9083 (http) with context path ''
 -[36m2025/06/19 10:39:41,781[m [32m[INFO ][m  [com.ulisesbocchio.jasyptspringboot.caching.RefreshScopeRefreshedEventListener] [33m[restartedMain][m- Refreshing cached encryptable property sources on ServletWebServerInitializedEvent
 -[36m2025/06/19 10:39:41,781[m [32m[INFO ][m  [com.ulisesbocchio.jasyptspringboot.caching.CachingDelegateEncryptablePropertySource] [33m[restartedMain][m- Property Source systemProperties refreshed
 -[36m2025/06/19 10:39:41,782[m [32m[INFO ][m  [com.ulisesbocchio.jasyptspringboot.caching.CachingDelegateEncryptablePropertySource] [33m[restartedMain][m- Property Source systemEnvironment refreshed
 -[36m2025/06/19 10:39:41,782[m [32m[INFO ][m  [com.ulisesbocchio.jasyptspringboot.caching.CachingDelegateEncryptablePropertySource] [33m[restartedMain][m- Property Source random refreshed
 -[36m2025/06/19 10:39:41,782[m [32m[INFO ][m  [com.ulisesbocchio.jasyptspringboot.caching.CachingDelegateEncryptablePropertySource] [33m[restartedMain][m- Property Source cachedrandom refreshed
 -[36m2025/06/19 10:39:41,782[m [32m[INFO ][m  [com.ulisesbocchio.jasyptspringboot.caching.CachingDelegateEncryptablePropertySource] [33m[restartedMain][m- Property Source springCloudClientHostInfo refreshed
 -[36m2025/06/19 10:39:41,782[m [32m[INFO ][m  [com.ulisesbocchio.jasyptspringboot.caching.CachingDelegateEncryptablePropertySource] [33m[restartedMain][m- Property Source Config resource 'class path resource [application.properties]' via location 'optional:classpath:/' refreshed
 -[36m2025/06/19 10:39:41,782[m [32m[INFO ][m  [com.ulisesbocchio.jasyptspringboot.caching.CachingDelegateEncryptablePropertySource] [33m[restartedMain][m- Property Source devtools refreshed
 -[36m2025/06/19 10:39:41,782[m [32m[INFO ][m  [com.ulisesbocchio.jasyptspringboot.EncryptablePropertySourceConverter] [33m[restartedMain][m- Skipping PropertySource configurationProperties [class org.springframework.boot.context.properties.source.ConfigurationPropertySourcesPropertySource
 -[36m2025/06/19 10:39:41,782[m [32m[INFO ][m  [com.ulisesbocchio.jasyptspringboot.EncryptablePropertySourceConverter] [33m[restartedMain][m- Skipping PropertySource servletConfigInitParams [class org.springframework.core.env.PropertySource$StubPropertySource
 -[36m2025/06/19 10:39:41,782[m [32m[INFO ][m  [com.ulisesbocchio.jasyptspringboot.EncryptablePropertySourceConverter] [33m[restartedMain][m- Converting PropertySource servletContextInitParams [org.springframework.web.context.support.ServletContextPropertySource] to EncryptableEnumerablePropertySourceWrapper
 -[36m2025/06/19 10:39:41,788[m [32m[INFO ][m  [org.springframework.boot.StartupInfoLogger] [33m[restartedMain][m- Started RestServiceApplication in 2.109 seconds (process running for 2.396)
 -[36m2025/06/19 10:40:04,774[m [32m[INFO ][m  [org.springframework.orm.jpa.AbstractEntityManagerFactoryBean] [33m[SpringApplicationShutdownHook][m- Closing JPA EntityManagerFactory for persistence unit 'default'
 -[36m2025/06/19 10:40:04,777[m [32m[INFO ][m  [com.zaxxer.hikari.HikariDataSource] [33m[SpringApplicationShutdownHook][m- HikariPool-1 - Shutdown initiated...
 -[36m2025/06/19 10:40:04,777[m [34m[DEBUG][m  [com.zaxxer.hikari.pool.HikariPool] [33m[SpringApplicationShutdownHook][m- HikariPool-1 - Before shutdown stats (total=10, active=0, idle=10, waiting=0)
 -[36m2025/06/19 10:40:04,779[m [34m[DEBUG][m  [com.zaxxer.hikari.pool.HikariPool] [33m[SpringApplicationShutdownHook][m- HikariPool-1 - After shutdown stats (total=0, active=0, idle=0, waiting=0)
 -[36m2025/06/19 10:40:04,779[m [32m[INFO ][m  [com.zaxxer.hikari.HikariDataSource] [33m[SpringApplicationShutdownHook][m- HikariPool-1 - Shutdown completed.
 -[36m2025/06/19 10:40:25,830[m [32m[INFO ][m  [org.springframework.boot.SpringApplicationBannerPrinter] [33m[restartedMain][m- 
  ____  _____ ____ _____   ____  _____ ______     _____ ____ _____
 |  _ \| ____/ ___|_   _| / ___|| ____|  _ \ \   / /_ _/ ___| ____|
 | |_) |  _| \___ \ | |   \___ \|  _| | |_) \ \ / / | | |   |  _|
 |  _ <| |___ ___) || |    ___) | |___|  _ < \ V /  | | |___| |___
 |_| \_\_____|____/ |_|   |____/|_____|_| \_\ \_/  |___\____|_____|

    :: Spring Boot ::                (v3.0.5) ==== rest-service-0.0.1-SNAPSHOT.jar ====

 -[36m2025/06/19 10:40:25,854[m [32m[INFO ][m  [org.springframework.boot.StartupInfoLogger] [33m[restartedMain][m- Starting RestServiceApplication using Java 17.0.14 with PID 13585 (/Users/gilzako/IdeaProjects/new_tankapp_backend/rest-service/target/classes started by gilzako in /Users/gilzako/IdeaProjects/new_tankapp_backend)
 -[36m2025/06/19 10:40:25,855[m [32m[INFO ][m  [org.springframework.boot.SpringApplication] [33m[restartedMain][m- The following 1 profile is active: "development"
 -[36m2025/06/19 10:40:25,869[m [32m[INFO ][m  [org.springframework.boot.logging.DeferredLog] [33m[restartedMain][m- Devtools property defaults active! Set 'spring.devtools.add-properties' to 'false' to disable
 -[36m2025/06/19 10:40:26,135[m [32m[INFO ][m  [org.springframework.data.repository.config.RepositoryConfigurationDelegate] [33m[restartedMain][m- Multiple Spring Data modules found, entering strict repository configuration mode
 -[36m2025/06/19 10:40:26,135[m [32m[INFO ][m  [org.springframework.data.repository.config.RepositoryConfigurationDelegate] [33m[restartedMain][m- Bootstrapping Spring Data JPA repositories in DEFAULT mode.
 -[36m2025/06/19 10:40:26,147[m [32m[INFO ][m  [org.springframework.data.repository.config.RepositoryConfigurationDelegate] [33m[restartedMain][m- Finished Spring Data repository scanning in 8 ms. Found 0 JPA repository interfaces.
 -[36m2025/06/19 10:40:26,245[m [32m[INFO ][m  [org.springframework.cloud.context.scope.GenericScope] [33m[restartedMain][m- BeanFactory id=18305634-5ed5-35a6-8b17-6727f2b068a2
 -[36m2025/06/19 10:40:26,267[m [32m[INFO ][m  [com.ulisesbocchio.jasyptspringboot.configuration.EnableEncryptablePropertiesBeanFactoryPostProcessor] [33m[restartedMain][m- Post-processing PropertySource instances
 -[36m2025/06/19 10:40:26,268[m [32m[INFO ][m  [com.ulisesbocchio.jasyptspringboot.EncryptablePropertySourceConverter] [33m[restartedMain][m- Skipping PropertySource configurationProperties [class org.springframework.boot.context.properties.source.ConfigurationPropertySourcesPropertySource
 -[36m2025/06/19 10:40:26,268[m [32m[INFO ][m  [com.ulisesbocchio.jasyptspringboot.EncryptablePropertySourceConverter] [33m[restartedMain][m- Skipping PropertySource servletConfigInitParams [class org.springframework.core.env.PropertySource$StubPropertySource
 -[36m2025/06/19 10:40:26,269[m [32m[INFO ][m  [com.ulisesbocchio.jasyptspringboot.EncryptablePropertySourceConverter] [33m[restartedMain][m- Skipping PropertySource servletContextInitParams [class org.springframework.core.env.PropertySource$StubPropertySource
 -[36m2025/06/19 10:40:26,269[m [32m[INFO ][m  [com.ulisesbocchio.jasyptspringboot.EncryptablePropertySourceConverter] [33m[restartedMain][m- Converting PropertySource systemProperties [org.springframework.core.env.PropertiesPropertySource] to EncryptableMapPropertySourceWrapper
 -[36m2025/06/19 10:40:26,269[m [32m[INFO ][m  [com.ulisesbocchio.jasyptspringboot.EncryptablePropertySourceConverter] [33m[restartedMain][m- Converting PropertySource systemEnvironment [org.springframework.boot.env.SystemEnvironmentPropertySourceEnvironmentPostProcessor$OriginAwareSystemEnvironmentPropertySource] to EncryptableSystemEnvironmentPropertySourceWrapper
 -[36m2025/06/19 10:40:26,269[m [32m[INFO ][m  [com.ulisesbocchio.jasyptspringboot.EncryptablePropertySourceConverter] [33m[restartedMain][m- Converting PropertySource random [org.springframework.boot.env.RandomValuePropertySource] to EncryptablePropertySourceWrapper
 -[36m2025/06/19 10:40:26,270[m [32m[INFO ][m  [com.ulisesbocchio.jasyptspringboot.EncryptablePropertySourceConverter] [33m[restartedMain][m- Converting PropertySource cachedrandom [org.springframework.cloud.util.random.CachedRandomPropertySource] to EncryptablePropertySourceWrapper
 -[36m2025/06/19 10:40:26,270[m [32m[INFO ][m  [com.ulisesbocchio.jasyptspringboot.EncryptablePropertySourceConverter] [33m[restartedMain][m- Converting PropertySource springCloudClientHostInfo [org.springframework.core.env.MapPropertySource] to EncryptableMapPropertySourceWrapper
 -[36m2025/06/19 10:40:26,270[m [32m[INFO ][m  [com.ulisesbocchio.jasyptspringboot.EncryptablePropertySourceConverter] [33m[restartedMain][m- Converting PropertySource Config resource 'class path resource [application.properties]' via location 'optional:classpath:/' [org.springframework.boot.env.OriginTrackedMapPropertySource] to EncryptableMapPropertySourceWrapper
 -[36m2025/06/19 10:40:26,270[m [32m[INFO ][m  [com.ulisesbocchio.jasyptspringboot.EncryptablePropertySourceConverter] [33m[restartedMain][m- Converting PropertySource devtools [org.springframework.core.env.MapPropertySource] to EncryptableMapPropertySourceWrapper
 -[36m2025/06/19 10:40:26,378[m [32m[INFO ][m  [com.ulisesbocchio.jasyptspringboot.filter.DefaultLazyPropertyFilter] [33m[restartedMain][m- Property Filter custom Bean not found with name 'encryptablePropertyFilter'. Initializing Default Property Filter
 -[36m2025/06/19 10:40:26,381[m [32m[INFO ][m  [com.ulisesbocchio.jasyptspringboot.resolver.DefaultLazyPropertyResolver] [33m[restartedMain][m- Property Resolver custom Bean not found with name 'encryptablePropertyResolver'. Initializing Default Property Resolver
 -[36m2025/06/19 10:40:26,382[m [32m[INFO ][m  [com.ulisesbocchio.jasyptspringboot.detector.DefaultLazyPropertyDetector] [33m[restartedMain][m- Property Detector custom Bean not found with name 'encryptablePropertyDetector'. Initializing Default Property Detector
 -[36m2025/06/19 10:40:26,534[m [32m[INFO ][m  [org.springframework.boot.web.embedded.tomcat.TomcatWebServer] [33m[restartedMain][m- Tomcat initialized with port(s): 9083 (http)
 -[36m2025/06/19 10:40:26,537[m [32m[INFO ][m  [org.apache.juli.logging.DirectJDKLog] [33m[restartedMain][m- Initializing ProtocolHandler ["http-nio-0.0.0.0-9083"]
 -[36m2025/06/19 10:40:26,537[m [32m[INFO ][m  [org.apache.juli.logging.DirectJDKLog] [33m[restartedMain][m- Starting service [Tomcat]
 -[36m2025/06/19 10:40:26,538[m [32m[INFO ][m  [org.apache.juli.logging.DirectJDKLog] [33m[restartedMain][m- Starting Servlet engine: [Apache Tomcat/10.1.7]
 -[36m2025/06/19 10:40:26,559[m [32m[INFO ][m  [org.apache.juli.logging.DirectJDKLog] [33m[restartedMain][m- Initializing Spring embedded WebApplicationContext
 -[36m2025/06/19 10:40:26,560[m [32m[INFO ][m  [org.springframework.boot.web.servlet.context.ServletWebServerApplicationContext] [33m[restartedMain][m- Root WebApplicationContext: initialization completed in 691 ms
 -[36m2025/06/19 10:40:26,575[m [34m[DEBUG][m  [org.springframework.boot.web.servlet.ServletContextInitializerBeans] [33m[restartedMain][m- Mapping filters: springSecurityFilterChain urls=[/*] order=-100, characterEncodingFilter urls=[/*] order=-2147483648, formContentFilter urls=[/*] order=-9900, requestContextFilter urls=[/*] order=-105, initSettingFilter urls=[/*] order=2147483647
 -[36m2025/06/19 10:40:26,576[m [34m[DEBUG][m  [org.springframework.boot.web.servlet.ServletContextInitializerBeans] [33m[restartedMain][m- Mapping servlets: dispatcherServlet urls=[/]
 -[36m2025/06/19 10:40:26,640[m [32m[INFO ][m  [com.zaxxer.hikari.HikariDataSource] [33m[restartedMain][m- HikariPool-1 - Starting...
 -[36m2025/06/19 10:40:26,775[m [32m[INFO ][m  [com.zaxxer.hikari.pool.HikariPool] [33m[restartedMain][m- HikariPool-1 - Added connection ConnectionID:1 ClientConnectionId: ccbf77b9-41f0-4c41-9445-4bf4f81068c7
 -[36m2025/06/19 10:40:26,776[m [32m[INFO ][m  [com.zaxxer.hikari.HikariDataSource] [33m[restartedMain][m- HikariPool-1 - Start completed.
 -[36m2025/06/19 10:40:26,793[m [32m[INFO ][m  [org.hibernate.jpa.internal.util.LogHelper] [33m[restartedMain][m- HHH000204: Processing PersistenceUnitInfo [name: default]
 -[36m2025/06/19 10:40:26,814[m [32m[INFO ][m  [org.hibernate.Version] [33m[restartedMain][m- HHH000412: Hibernate ORM core version 6.1.7.Final
 -[36m2025/06/19 10:40:26,876[m [34m[DEBUG][m  [com.zaxxer.hikari.pool.HikariPool] [33m[HikariPool-1 housekeeper][m- HikariPool-1 - Before cleanup stats (total=1, active=0, idle=1, waiting=0)
 -[36m2025/06/19 10:40:26,877[m [34m[DEBUG][m  [com.zaxxer.hikari.pool.HikariPool] [33m[HikariPool-1 housekeeper][m- HikariPool-1 - After cleanup  stats (total=1, active=0, idle=1, waiting=0)
 -[36m2025/06/19 10:40:26,916[m [32m[INFO ][m  [org.hibernate.engine.jdbc.dialect.internal.DialectFactoryImpl] [33m[restartedMain][m- HHH000400: Using dialect: org.hibernate.dialect.SQLServer2012Dialect
 -[36m2025/06/19 10:40:26,917[m [33m[WARN ][m  [org.hibernate.engine.jdbc.dialect.internal.DialectFactoryImpl] [33m[restartedMain][m- HHH90000026: SQLServer2012Dialect has been deprecated; use org.hibernate.dialect.SQLServerDialect instead
 -[36m2025/06/19 10:40:26,927[m [34m[DEBUG][m  [com.zaxxer.hikari.pool.HikariPool$PoolEntryCreator] [33m[HikariPool-1 connection adder][m- HikariPool-1 - Added connection ConnectionID:2 ClientConnectionId: 6775f498-682f-40f0-a068-473842d6cb39
 -[36m2025/06/19 10:40:26,991[m [34m[DEBUG][m  [com.zaxxer.hikari.pool.HikariPool$PoolEntryCreator] [33m[HikariPool-1 connection adder][m- HikariPool-1 - Added connection ConnectionID:3 ClientConnectionId: a9a2290b-2892-4062-8784-c364665212c7
 -[36m2025/06/19 10:40:27,052[m [34m[DEBUG][m  [com.zaxxer.hikari.pool.HikariPool$PoolEntryCreator] [33m[HikariPool-1 connection adder][m- HikariPool-1 - Added connection ConnectionID:4 ClientConnectionId: 85451ed4-8567-43fb-b244-b56792ddaf4d
 -[36m2025/06/19 10:40:27,115[m [34m[DEBUG][m  [com.zaxxer.hikari.pool.HikariPool$PoolEntryCreator] [33m[HikariPool-1 connection adder][m- HikariPool-1 - Added connection ConnectionID:5 ClientConnectionId: 799960e9-d82b-425a-a478-7f6d9c8ae5cf
 -[36m2025/06/19 10:40:27,176[m [34m[DEBUG][m  [com.zaxxer.hikari.pool.HikariPool$PoolEntryCreator] [33m[HikariPool-1 connection adder][m- HikariPool-1 - Added connection ConnectionID:6 ClientConnectionId: c4ca03c6-3dc2-43b2-9780-34889515b9df
 -[36m2025/06/19 10:40:27,194[m [32m[INFO ][m  [org.hibernate.engine.transaction.jta.platform.internal.JtaPlatformInitiator] [33m[restartedMain][m- HHH000490: Using JtaPlatform implementation: [org.hibernate.engine.transaction.jta.platform.internal.NoJtaPlatform]
 -[36m2025/06/19 10:40:27,198[m [32m[INFO ][m  [org.springframework.orm.jpa.AbstractEntityManagerFactoryBean] [33m[restartedMain][m- Initialized JPA EntityManagerFactory for persistence unit 'default'
 -[36m2025/06/19 10:40:27,240[m [34m[DEBUG][m  [com.zaxxer.hikari.pool.HikariPool$PoolEntryCreator] [33m[HikariPool-1 connection adder][m- HikariPool-1 - Added connection ConnectionID:7 ClientConnectionId: b30ad386-629e-429c-a37a-7fb9e0d243a8
 -[36m2025/06/19 10:40:27,253[m [33m[WARN ][m  [org.springframework.boot.autoconfigure.orm.jpa.JpaBaseConfiguration$JpaWebConfiguration] [33m[restartedMain][m- spring.jpa.open-in-view is enabled by default. Therefore, database queries may be performed during view rendering. Explicitly configure spring.jpa.open-in-view to disable this warning
 -[36m2025/06/19 10:40:27,266[m [33m[WARN ][m  [org.springframework.boot.autoconfigure.security.servlet.UserDetailsServiceAutoConfiguration] [33m[restartedMain][m- 

Using generated security password: 8479807f-d494-4247-a7e5-a00fdfa8fe42

This generated password is for development use only. Your security configuration must be updated before running your application in production.

 -[36m2025/06/19 10:40:27,304[m [34m[DEBUG][m  [com.zaxxer.hikari.pool.HikariPool$PoolEntryCreator] [33m[HikariPool-1 connection adder][m- HikariPool-1 - Added connection ConnectionID:8 ClientConnectionId: ad04d244-593e-4fa0-9dbe-a9e0b8d20857
 -[36m2025/06/19 10:40:27,313[m [32m[INFO ][m  [org.springframework.security.web.DefaultSecurityFilterChain] [33m[restartedMain][m- Will secure any request with [org.springframework.security.web.session.DisableEncodeUrlFilter@3db7bb58, org.springframework.security.web.context.request.async.WebAsyncManagerIntegrationFilter@531a5b34, org.springframework.security.web.context.SecurityContextHolderFilter@39d6faeb, org.springframework.security.web.header.HeaderWriterFilter@305ed4f7, org.springframework.web.filter.CorsFilter@619fdd0d, org.springframework.security.web.authentication.logout.LogoutFilter@6a1a57c0, org.springframework.security.web.savedrequest.RequestCacheAwareFilter@209c31a5, org.springframework.security.web.servletapi.SecurityContextHolderAwareRequestFilter@47caa046, org.springframework.security.web.authentication.AnonymousAuthenticationFilter@74c9703e, org.springframework.security.web.session.SessionManagementFilter@4d90f54d, org.springframework.security.web.access.ExceptionTranslationFilter@281802ef, org.springframework.security.web.access.intercept.AuthorizationFilter@4864d4fe]
 -[36m2025/06/19 10:40:27,351[m [34m[DEBUG][m  [org.springframework.web.servlet.handler.AbstractHandlerMethodMapping] [33m[restartedMain][m- 59 mappings in 'requestMappingHandlerMapping'
 -[36m2025/06/19 10:40:27,361[m [34m[DEBUG][m  [com.zaxxer.hikari.pool.HikariPool$PoolEntryCreator] [33m[HikariPool-1 connection adder][m- HikariPool-1 - Added connection ConnectionID:9 ClientConnectionId: f3a22eca-f2ef-419e-bba2-716f241cd75c
 -[36m2025/06/19 10:40:27,400[m [34m[DEBUG][m  [org.springframework.web.servlet.handler.SimpleUrlHandlerMapping] [33m[restartedMain][m- Patterns [/webjars/**, /**] in 'resourceHandlerMapping'
 -[36m2025/06/19 10:40:27,405[m [33m[WARN ][m  [org.springframework.security.config.annotation.web.builders.WebSecurity] [33m[restartedMain][m- You are asking Spring Security to ignore Mvc [pattern='/ì˜ˆì™¸ì²˜ë¦¬í•˜ê³  ì‹¶ì€ url ë‚˜ì—´']. This is not recommended -- please use permitAll via HttpSecurity#authorizeHttpRequests instead.
 -[36m2025/06/19 10:40:27,405[m [32m[INFO ][m  [org.springframework.security.web.DefaultSecurityFilterChain] [33m[restartedMain][m- Will not secure Mvc [pattern='/ì˜ˆì™¸ì²˜ë¦¬í•˜ê³  ì‹¶ì€ url ë‚˜ì—´']
 -[36m2025/06/19 10:40:27,427[m [34m[DEBUG][m  [com.zaxxer.hikari.pool.HikariPool$PoolEntryCreator] [33m[HikariPool-1 connection adder][m- HikariPool-1 - Added connection ConnectionID:10 ClientConnectionId: 36e90b65-7904-46ff-a8e6-5cb9875079c5
 -[36m2025/06/19 10:40:27,435[m [34m[DEBUG][m  [org.springframework.web.servlet.mvc.method.annotation.RequestMappingHandlerAdapter] [33m[restartedMain][m- ControllerAdvice beans: 0 @ModelAttribute, 0 @InitBinder, 1 RequestBodyAdvice, 1 ResponseBodyAdvice
 -[36m2025/06/19 10:40:27,437[m [34m[DEBUG][m  [com.zaxxer.hikari.pool.HikariPool] [33m[HikariPool-1 connection adder][m- HikariPool-1 - After adding stats (total=10, active=0, idle=10, waiting=0)
 -[36m2025/06/19 10:40:27,452[m [34m[DEBUG][m  [org.springframework.web.servlet.mvc.method.annotation.ExceptionHandlerExceptionResolver] [33m[restartedMain][m- ControllerAdvice beans: 1 @ExceptionHandler, 1 ResponseBodyAdvice
 -[36m2025/06/19 10:40:27,828[m [32m[INFO ][m  [org.springframework.boot.devtools.autoconfigure.OptionalLiveReloadServer] [33m[restartedMain][m- LiveReload server is running on port 35729
 -[36m2025/06/19 10:40:27,840[m [32m[INFO ][m  [org.springframework.cloud.netflix.eureka.config.DiscoveryClientOptionalArgsConfiguration] [33m[restartedMain][m- Eureka HTTP Client uses RestTemplate.
 -[36m2025/06/19 10:40:27,858[m [33m[WARN ][m  [org.springframework.cloud.loadbalancer.config.LoadBalancerCacheAutoConfiguration$LoadBalancerCaffeineWarnLogger] [33m[restartedMain][m- Spring Cloud LoadBalancer is currently working with the default cache. While this cache implementation is useful for development and tests, it's recommended to use Caffeine cache in production.You can switch to using Caffeine cache, by adding it and org.springframework.cache.caffeine.CaffeineCacheManager to the classpath.
 -[36m2025/06/19 10:40:27,892[m [32m[INFO ][m  [org.apache.juli.logging.DirectJDKLog] [33m[restartedMain][m- Starting ProtocolHandler ["http-nio-0.0.0.0-9083"]
 -[36m2025/06/19 10:40:27,898[m [32m[INFO ][m  [org.springframework.boot.web.embedded.tomcat.TomcatWebServer] [33m[restartedMain][m- Tomcat started on port(s): 9083 (http) with context path ''
 -[36m2025/06/19 10:40:27,899[m [32m[INFO ][m  [com.ulisesbocchio.jasyptspringboot.caching.RefreshScopeRefreshedEventListener] [33m[restartedMain][m- Refreshing cached encryptable property sources on ServletWebServerInitializedEvent
 -[36m2025/06/19 10:40:27,900[m [32m[INFO ][m  [com.ulisesbocchio.jasyptspringboot.caching.CachingDelegateEncryptablePropertySource] [33m[restartedMain][m- Property Source systemProperties refreshed
 -[36m2025/06/19 10:40:27,900[m [32m[INFO ][m  [com.ulisesbocchio.jasyptspringboot.caching.CachingDelegateEncryptablePropertySource] [33m[restartedMain][m- Property Source systemEnvironment refreshed
 -[36m2025/06/19 10:40:27,900[m [32m[INFO ][m  [com.ulisesbocchio.jasyptspringboot.caching.CachingDelegateEncryptablePropertySource] [33m[restartedMain][m- Property Source random refreshed
 -[36m2025/06/19 10:40:27,900[m [32m[INFO ][m  [com.ulisesbocchio.jasyptspringboot.caching.CachingDelegateEncryptablePropertySource] [33m[restartedMain][m- Property Source cachedrandom refreshed
 -[36m2025/06/19 10:40:27,900[m [32m[INFO ][m  [com.ulisesbocchio.jasyptspringboot.caching.CachingDelegateEncryptablePropertySource] [33m[restartedMain][m- Property Source springCloudClientHostInfo refreshed
 -[36m2025/06/19 10:40:27,900[m [32m[INFO ][m  [com.ulisesbocchio.jasyptspringboot.caching.CachingDelegateEncryptablePropertySource] [33m[restartedMain][m- Property Source Config resource 'class path resource [application.properties]' via location 'optional:classpath:/' refreshed
 -[36m2025/06/19 10:40:27,900[m [32m[INFO ][m  [com.ulisesbocchio.jasyptspringboot.caching.CachingDelegateEncryptablePropertySource] [33m[restartedMain][m- Property Source devtools refreshed
 -[36m2025/06/19 10:40:27,900[m [32m[INFO ][m  [com.ulisesbocchio.jasyptspringboot.EncryptablePropertySourceConverter] [33m[restartedMain][m- Skipping PropertySource configurationProperties [class org.springframework.boot.context.properties.source.ConfigurationPropertySourcesPropertySource
 -[36m2025/06/19 10:40:27,900[m [32m[INFO ][m  [com.ulisesbocchio.jasyptspringboot.EncryptablePropertySourceConverter] [33m[restartedMain][m- Skipping PropertySource servletConfigInitParams [class org.springframework.core.env.PropertySource$StubPropertySource
 -[36m2025/06/19 10:40:27,901[m [32m[INFO ][m  [com.ulisesbocchio.jasyptspringboot.EncryptablePropertySourceConverter] [33m[restartedMain][m- Converting PropertySource servletContextInitParams [org.springframework.web.context.support.ServletContextPropertySource] to EncryptableEnumerablePropertySourceWrapper
 -[36m2025/06/19 10:40:27,906[m [32m[INFO ][m  [org.springframework.boot.StartupInfoLogger] [33m[restartedMain][m- Started RestServiceApplication in 2.213 seconds (process running for 2.483)
 -[36m2025/06/19 10:40:56,879[m [34m[DEBUG][m  [com.zaxxer.hikari.pool.HikariPool] [33m[HikariPool-1 housekeeper][m- HikariPool-1 - Before cleanup stats (total=10, active=0, idle=10, waiting=0)
 -[36m2025/06/19 10:40:56,880[m [34m[DEBUG][m  [com.zaxxer.hikari.pool.HikariPool] [33m[HikariPool-1 housekeeper][m- HikariPool-1 - After cleanup  stats (total=10, active=0, idle=10, waiting=0)
 -[36m2025/06/19 10:40:56,881[m [34m[DEBUG][m  [com.zaxxer.hikari.pool.HikariPool] [33m[HikariPool-1 housekeeper][m- HikariPool-1 - Fill pool skipped, pool has sufficient level or currently being filled (queueDepth=0).
 -[36m2025/06/19 10:41:13,207[m [32m[INFO ][m  [org.springframework.orm.jpa.AbstractEntityManagerFactoryBean] [33m[SpringApplicationShutdownHook][m- Closing JPA EntityManagerFactory for persistence unit 'default'
 -[36m2025/06/19 10:41:13,209[m [32m[INFO ][m  [com.zaxxer.hikari.HikariDataSource] [33m[SpringApplicationShutdownHook][m- HikariPool-1 - Shutdown initiated...
 -[36m2025/06/19 10:41:13,209[m [34m[DEBUG][m  [com.zaxxer.hikari.pool.HikariPool] [33m[SpringApplicationShutdownHook][m- HikariPool-1 - Before shutdown stats (total=10, active=0, idle=10, waiting=0)
 -[36m2025/06/19 10:41:13,211[m [34m[DEBUG][m  [com.zaxxer.hikari.pool.HikariPool] [33m[SpringApplicationShutdownHook][m- HikariPool-1 - After shutdown stats (total=0, active=0, idle=0, waiting=0)
 -[36m2025/06/19 10:41:13,211[m [32m[INFO ][m  [com.zaxxer.hikari.HikariDataSource] [33m[SpringApplicationShutdownHook][m- HikariPool-1 - Shutdown completed.
 -[36m2025/06/19 10:41:14,283[m [32m[INFO ][m  [org.springframework.boot.SpringApplicationBannerPrinter] [33m[restartedMain][m- 
  ____  _____ ____ _____   ____  _____ ______     _____ ____ _____
 |  _ \| ____/ ___|_   _| / ___|| ____|  _ \ \   / /_ _/ ___| ____|
 | |_) |  _| \___ \ | |   \___ \|  _| | |_) \ \ / / | | |   |  _|
 |  _ <| |___ ___) || |    ___) | |___|  _ < \ V /  | | |___| |___
 |_| \_\_____|____/ |_|   |____/|_____|_| \_\ \_/  |___\____|_____|

    :: Spring Boot ::                (v3.0.5) ==== rest-service-0.0.1-SNAPSHOT.jar ====

 -[36m2025/06/19 10:41:14,306[m [32m[INFO ][m  [org.springframework.boot.StartupInfoLogger] [33m[restartedMain][m- Starting RestServiceApplication using Java 17.0.14 with PID 13645 (/Users/gilzako/IdeaProjects/new_tankapp_backend/rest-service/target/classes started by gilzako in /Users/gilzako/IdeaProjects/new_tankapp_backend)
 -[36m2025/06/19 10:41:14,307[m [32m[INFO ][m  [org.springframework.boot.SpringApplication] [33m[restartedMain][m- The following 1 profile is active: "development"
 -[36m2025/06/19 10:41:14,320[m [32m[INFO ][m  [org.springframework.boot.logging.DeferredLog] [33m[restartedMain][m- Devtools property defaults active! Set 'spring.devtools.add-properties' to 'false' to disable
 -[36m2025/06/19 10:41:14,574[m [32m[INFO ][m  [org.springframework.data.repository.config.RepositoryConfigurationDelegate] [33m[restartedMain][m- Multiple Spring Data modules found, entering strict repository configuration mode
 -[36m2025/06/19 10:41:14,574[m [32m[INFO ][m  [org.springframework.data.repository.config.RepositoryConfigurationDelegate] [33m[restartedMain][m- Bootstrapping Spring Data JPA repositories in DEFAULT mode.
 -[36m2025/06/19 10:41:14,585[m [32m[INFO ][m  [org.springframework.data.repository.config.RepositoryConfigurationDelegate] [33m[restartedMain][m- Finished Spring Data repository scanning in 8 ms. Found 0 JPA repository interfaces.
 -[36m2025/06/19 10:41:14,677[m [32m[INFO ][m  [org.springframework.cloud.context.scope.GenericScope] [33m[restartedMain][m- BeanFactory id=18305634-5ed5-35a6-8b17-6727f2b068a2
 -[36m2025/06/19 10:41:14,699[m [32m[INFO ][m  [com.ulisesbocchio.jasyptspringboot.configuration.EnableEncryptablePropertiesBeanFactoryPostProcessor] [33m[restartedMain][m- Post-processing PropertySource instances
 -[36m2025/06/19 10:41:14,700[m [32m[INFO ][m  [com.ulisesbocchio.jasyptspringboot.EncryptablePropertySourceConverter] [33m[restartedMain][m- Skipping PropertySource configurationProperties [class org.springframework.boot.context.properties.source.ConfigurationPropertySourcesPropertySource
 -[36m2025/06/19 10:41:14,700[m [32m[INFO ][m  [com.ulisesbocchio.jasyptspringboot.EncryptablePropertySourceConverter] [33m[restartedMain][m- Skipping PropertySource servletConfigInitParams [class org.springframework.core.env.PropertySource$StubPropertySource
 -[36m2025/06/19 10:41:14,700[m [32m[INFO ][m  [com.ulisesbocchio.jasyptspringboot.EncryptablePropertySourceConverter] [33m[restartedMain][m- Skipping PropertySource servletContextInitParams [class org.springframework.core.env.PropertySource$StubPropertySource
 -[36m2025/06/19 10:41:14,701[m [32m[INFO ][m  [com.ulisesbocchio.jasyptspringboot.EncryptablePropertySourceConverter] [33m[restartedMain][m- Converting PropertySource systemProperties [org.springframework.core.env.PropertiesPropertySource] to EncryptableMapPropertySourceWrapper
 -[36m2025/06/19 10:41:14,701[m [32m[INFO ][m  [com.ulisesbocchio.jasyptspringboot.EncryptablePropertySourceConverter] [33m[restartedMain][m- Converting PropertySource systemEnvironment [org.springframework.boot.env.SystemEnvironmentPropertySourceEnvironmentPostProcessor$OriginAwareSystemEnvironmentPropertySource] to EncryptableSystemEnvironmentPropertySourceWrapper
 -[36m2025/06/19 10:41:14,701[m [32m[INFO ][m  [com.ulisesbocchio.jasyptspringboot.EncryptablePropertySourceConverter] [33m[restartedMain][m- Converting PropertySource random [org.springframework.boot.env.RandomValuePropertySource] to EncryptablePropertySourceWrapper
 -[36m2025/06/19 10:41:14,701[m [32m[INFO ][m  [com.ulisesbocchio.jasyptspringboot.EncryptablePropertySourceConverter] [33m[restartedMain][m- Converting PropertySource cachedrandom [org.springframework.cloud.util.random.CachedRandomPropertySource] to EncryptablePropertySourceWrapper
 -[36m2025/06/19 10:41:14,701[m [32m[INFO ][m  [com.ulisesbocchio.jasyptspringboot.EncryptablePropertySourceConverter] [33m[restartedMain][m- Converting PropertySource springCloudClientHostInfo [org.springframework.core.env.MapPropertySource] to EncryptableMapPropertySourceWrapper
 -[36m2025/06/19 10:41:14,701[m [32m[INFO ][m  [com.ulisesbocchio.jasyptspringboot.EncryptablePropertySourceConverter] [33m[restartedMain][m- Converting PropertySource Config resource 'class path resource [application.properties]' via location 'optional:classpath:/' [org.springframework.boot.env.OriginTrackedMapPropertySource] to EncryptableMapPropertySourceWrapper
 -[36m2025/06/19 10:41:14,701[m [32m[INFO ][m  [com.ulisesbocchio.jasyptspringboot.EncryptablePropertySourceConverter] [33m[restartedMain][m- Converting PropertySource devtools [org.springframework.core.env.MapPropertySource] to EncryptableMapPropertySourceWrapper
 -[36m2025/06/19 10:41:14,802[m [32m[INFO ][m  [com.ulisesbocchio.jasyptspringboot.filter.DefaultLazyPropertyFilter] [33m[restartedMain][m- Property Filter custom Bean not found with name 'encryptablePropertyFilter'. Initializing Default Property Filter
 -[36m2025/06/19 10:41:14,805[m [32m[INFO ][m  [com.ulisesbocchio.jasyptspringboot.resolver.DefaultLazyPropertyResolver] [33m[restartedMain][m- Property Resolver custom Bean not found with name 'encryptablePropertyResolver'. Initializing Default Property Resolver
 -[36m2025/06/19 10:41:14,806[m [32m[INFO ][m  [com.ulisesbocchio.jasyptspringboot.detector.DefaultLazyPropertyDetector] [33m[restartedMain][m- Property Detector custom Bean not found with name 'encryptablePropertyDetector'. Initializing Default Property Detector
 -[36m2025/06/19 10:41:14,952[m [32m[INFO ][m  [org.springframework.boot.web.embedded.tomcat.TomcatWebServer] [33m[restartedMain][m- Tomcat initialized with port(s): 9083 (http)
 -[36m2025/06/19 10:41:14,955[m [32m[INFO ][m  [org.apache.juli.logging.DirectJDKLog] [33m[restartedMain][m- Initializing ProtocolHandler ["http-nio-0.0.0.0-9083"]
 -[36m2025/06/19 10:41:14,956[m [32m[INFO ][m  [org.apache.juli.logging.DirectJDKLog] [33m[restartedMain][m- Starting service [Tomcat]
 -[36m2025/06/19 10:41:14,956[m [32m[INFO ][m  [org.apache.juli.logging.DirectJDKLog] [33m[restartedMain][m- Starting Servlet engine: [Apache Tomcat/10.1.7]
 -[36m2025/06/19 10:41:14,977[m [32m[INFO ][m  [org.apache.juli.logging.DirectJDKLog] [33m[restartedMain][m- Initializing Spring embedded WebApplicationContext
 -[36m2025/06/19 10:41:14,977[m [32m[INFO ][m  [org.springframework.boot.web.servlet.context.ServletWebServerApplicationContext] [33m[restartedMain][m- Root WebApplicationContext: initialization completed in 656 ms
 -[36m2025/06/19 10:41:14,991[m [34m[DEBUG][m  [org.springframework.boot.web.servlet.ServletContextInitializerBeans] [33m[restartedMain][m- Mapping filters: springSecurityFilterChain urls=[/*] order=-100, characterEncodingFilter urls=[/*] order=-2147483648, formContentFilter urls=[/*] order=-9900, requestContextFilter urls=[/*] order=-105, initSettingFilter urls=[/*] order=2147483647
 -[36m2025/06/19 10:41:14,992[m [34m[DEBUG][m  [org.springframework.boot.web.servlet.ServletContextInitializerBeans] [33m[restartedMain][m- Mapping servlets: dispatcherServlet urls=[/]
 -[36m2025/06/19 10:41:15,050[m [32m[INFO ][m  [com.zaxxer.hikari.HikariDataSource] [33m[restartedMain][m- HikariPool-1 - Starting...
 -[36m2025/06/19 10:41:15,180[m [32m[INFO ][m  [com.zaxxer.hikari.pool.HikariPool] [33m[restartedMain][m- HikariPool-1 - Added connection ConnectionID:1 ClientConnectionId: 44782b47-3029-4d4d-b726-18b88dfbe2cc
 -[36m2025/06/19 10:41:15,181[m [32m[INFO ][m  [com.zaxxer.hikari.HikariDataSource] [33m[restartedMain][m- HikariPool-1 - Start completed.
 -[36m2025/06/19 10:41:15,199[m [32m[INFO ][m  [org.hibernate.jpa.internal.util.LogHelper] [33m[restartedMain][m- HHH000204: Processing PersistenceUnitInfo [name: default]
 -[36m2025/06/19 10:41:15,220[m [32m[INFO ][m  [org.hibernate.Version] [33m[restartedMain][m- HHH000412: Hibernate ORM core version 6.1.7.Final
 -[36m2025/06/19 10:41:15,281[m [34m[DEBUG][m  [com.zaxxer.hikari.pool.HikariPool] [33m[HikariPool-1 housekeeper][m- HikariPool-1 - Before cleanup stats (total=1, active=0, idle=1, waiting=0)
 -[36m2025/06/19 10:41:15,282[m [34m[DEBUG][m  [com.zaxxer.hikari.pool.HikariPool] [33m[HikariPool-1 housekeeper][m- HikariPool-1 - After cleanup  stats (total=1, active=0, idle=1, waiting=0)
 -[36m2025/06/19 10:41:15,328[m [34m[DEBUG][m  [com.zaxxer.hikari.pool.HikariPool$PoolEntryCreator] [33m[HikariPool-1 connection adder][m- HikariPool-1 - Added connection ConnectionID:2 ClientConnectionId: ac6e56c4-b757-4022-808c-878f5b86d0ea
 -[36m2025/06/19 10:41:15,329[m [32m[INFO ][m  [org.hibernate.engine.jdbc.dialect.internal.DialectFactoryImpl] [33m[restartedMain][m- HHH000400: Using dialect: org.hibernate.dialect.SQLServer2012Dialect
 -[36m2025/06/19 10:41:15,330[m [33m[WARN ][m  [org.hibernate.engine.jdbc.dialect.internal.DialectFactoryImpl] [33m[restartedMain][m- HHH90000026: SQLServer2012Dialect has been deprecated; use org.hibernate.dialect.SQLServerDialect instead
 -[36m2025/06/19 10:41:15,389[m [34m[DEBUG][m  [com.zaxxer.hikari.pool.HikariPool$PoolEntryCreator] [33m[HikariPool-1 connection adder][m- HikariPool-1 - Added connection ConnectionID:3 ClientConnectionId: e6ba7edb-c236-4f44-aaae-179bd334f255
 -[36m2025/06/19 10:41:15,451[m [34m[DEBUG][m  [com.zaxxer.hikari.pool.HikariPool$PoolEntryCreator] [33m[HikariPool-1 connection adder][m- HikariPool-1 - Added connection ConnectionID:4 ClientConnectionId: 07dc4339-8e78-41f4-8000-288aa39fbd01
 -[36m2025/06/19 10:41:15,512[m [34m[DEBUG][m  [com.zaxxer.hikari.pool.HikariPool$PoolEntryCreator] [33m[HikariPool-1 connection adder][m- HikariPool-1 - Added connection ConnectionID:5 ClientConnectionId: 534b3226-f492-49aa-b469-45c8cec52afb
 -[36m2025/06/19 10:41:15,574[m [34m[DEBUG][m  [com.zaxxer.hikari.pool.HikariPool$PoolEntryCreator] [33m[HikariPool-1 connection adder][m- HikariPool-1 - Added connection ConnectionID:6 ClientConnectionId: f045645e-4d6d-4495-bfe7-eab589f61282
 -[36m2025/06/19 10:41:15,598[m [32m[INFO ][m  [org.hibernate.engine.transaction.jta.platform.internal.JtaPlatformInitiator] [33m[restartedMain][m- HHH000490: Using JtaPlatform implementation: [org.hibernate.engine.transaction.jta.platform.internal.NoJtaPlatform]
 -[36m2025/06/19 10:41:15,601[m [32m[INFO ][m  [org.springframework.orm.jpa.AbstractEntityManagerFactoryBean] [33m[restartedMain][m- Initialized JPA EntityManagerFactory for persistence unit 'default'
 -[36m2025/06/19 10:41:15,632[m [34m[DEBUG][m  [com.zaxxer.hikari.pool.HikariPool$PoolEntryCreator] [33m[HikariPool-1 connection adder][m- HikariPool-1 - Added connection ConnectionID:7 ClientConnectionId: aec29de6-a1d4-4658-9269-0b4891d49817
 -[36m2025/06/19 10:41:15,657[m [33m[WARN ][m  [org.springframework.boot.autoconfigure.orm.jpa.JpaBaseConfiguration$JpaWebConfiguration] [33m[restartedMain][m- spring.jpa.open-in-view is enabled by default. Therefore, database queries may be performed during view rendering. Explicitly configure spring.jpa.open-in-view to disable this warning
 -[36m2025/06/19 10:41:15,672[m [33m[WARN ][m  [org.springframework.boot.autoconfigure.security.servlet.UserDetailsServiceAutoConfiguration] [33m[restartedMain][m- 

Using generated security password: e13ce545-ad57-41f3-adb8-52f456973ec7

This generated password is for development use only. Your security configuration must be updated before running your application in production.

 -[36m2025/06/19 10:41:15,693[m [34m[DEBUG][m  [com.zaxxer.hikari.pool.HikariPool$PoolEntryCreator] [33m[HikariPool-1 connection adder][m- HikariPool-1 - Added connection ConnectionID:8 ClientConnectionId: 15ce5c0e-3491-4cb7-8c45-ec8d34d0e8a7
 -[36m2025/06/19 10:41:15,727[m [32m[INFO ][m  [org.springframework.security.web.DefaultSecurityFilterChain] [33m[restartedMain][m- Will secure any request with [org.springframework.security.web.session.DisableEncodeUrlFilter@38b8970f, org.springframework.security.web.context.request.async.WebAsyncManagerIntegrationFilter@3dd578be, org.springframework.security.web.context.SecurityContextHolderFilter@19ce5ecf, org.springframework.security.web.header.HeaderWriterFilter@24a69e63, org.springframework.web.filter.CorsFilter@408e280f, org.springframework.security.web.authentication.logout.LogoutFilter@25992f44, org.springframework.security.web.savedrequest.RequestCacheAwareFilter@42fc9470, org.springframework.security.web.servletapi.SecurityContextHolderAwareRequestFilter@29124cdc, org.springframework.security.web.authentication.AnonymousAuthenticationFilter@71629381, org.springframework.security.web.session.SessionManagementFilter@52d701a5, org.springframework.security.web.access.ExceptionTranslationFilter@584c999b, org.springframework.security.web.access.intercept.AuthorizationFilter@68eda0b6]
 -[36m2025/06/19 10:41:15,752[m [34m[DEBUG][m  [com.zaxxer.hikari.pool.HikariPool$PoolEntryCreator] [33m[HikariPool-1 connection adder][m- HikariPool-1 - Added connection ConnectionID:9 ClientConnectionId: 17a8f79c-0784-4b07-bad5-dc1794670aaf
 -[36m2025/06/19 10:41:15,763[m [34m[DEBUG][m  [org.springframework.web.servlet.handler.AbstractHandlerMethodMapping] [33m[restartedMain][m- 59 mappings in 'requestMappingHandlerMapping'
 -[36m2025/06/19 10:41:15,812[m [34m[DEBUG][m  [com.zaxxer.hikari.pool.HikariPool$PoolEntryCreator] [33m[HikariPool-1 connection adder][m- HikariPool-1 - Added connection ConnectionID:10 ClientConnectionId: 349c0f0c-edc9-480a-adbe-a00938b96e3d
 -[36m2025/06/19 10:41:15,814[m [34m[DEBUG][m  [org.springframework.web.servlet.handler.SimpleUrlHandlerMapping] [33m[restartedMain][m- Patterns [/webjars/**, /**] in 'resourceHandlerMapping'
 -[36m2025/06/19 10:41:15,819[m [33m[WARN ][m  [org.springframework.security.config.annotation.web.builders.WebSecurity] [33m[restartedMain][m- You are asking Spring Security to ignore Mvc [pattern='/ì˜ˆì™¸ì²˜ë¦¬í•˜ê³  ì‹¶ì€ url ë‚˜ì—´']. This is not recommended -- please use permitAll via HttpSecurity#authorizeHttpRequests instead.
 -[36m2025/06/19 10:41:15,819[m [32m[INFO ][m  [org.springframework.security.web.DefaultSecurityFilterChain] [33m[restartedMain][m- Will not secure Mvc [pattern='/ì˜ˆì™¸ì²˜ë¦¬í•˜ê³  ì‹¶ì€ url ë‚˜ì—´']
 -[36m2025/06/19 10:41:15,824[m [34m[DEBUG][m  [com.zaxxer.hikari.pool.HikariPool] [33m[HikariPool-1 connection adder][m- HikariPool-1 - After adding stats (total=10, active=0, idle=10, waiting=0)
 -[36m2025/06/19 10:41:15,849[m [34m[DEBUG][m  [org.springframework.web.servlet.mvc.method.annotation.RequestMappingHandlerAdapter] [33m[restartedMain][m- ControllerAdvice beans: 0 @ModelAttribute, 0 @InitBinder, 1 RequestBodyAdvice, 1 ResponseBodyAdvice
 -[36m2025/06/19 10:41:15,866[m [34m[DEBUG][m  [org.springframework.web.servlet.mvc.method.annotation.ExceptionHandlerExceptionResolver] [33m[restartedMain][m- ControllerAdvice beans: 1 @ExceptionHandler, 1 ResponseBodyAdvice
 -[36m2025/06/19 10:41:16,259[m [32m[INFO ][m  [org.springframework.boot.devtools.autoconfigure.OptionalLiveReloadServer] [33m[restartedMain][m- LiveReload server is running on port 35729
 -[36m2025/06/19 10:41:16,271[m [32m[INFO ][m  [org.springframework.cloud.netflix.eureka.config.DiscoveryClientOptionalArgsConfiguration] [33m[restartedMain][m- Eureka HTTP Client uses RestTemplate.
 -[36m2025/06/19 10:41:16,292[m [33m[WARN ][m  [org.springframework.cloud.loadbalancer.config.LoadBalancerCacheAutoConfiguration$LoadBalancerCaffeineWarnLogger] [33m[restartedMain][m- Spring Cloud LoadBalancer is currently working with the default cache. While this cache implementation is useful for development and tests, it's recommended to use Caffeine cache in production.You can switch to using Caffeine cache, by adding it and org.springframework.cache.caffeine.CaffeineCacheManager to the classpath.
 -[36m2025/06/19 10:41:16,328[m [32m[INFO ][m  [org.apache.juli.logging.DirectJDKLog] [33m[restartedMain][m- Starting ProtocolHandler ["http-nio-0.0.0.0-9083"]
 -[36m2025/06/19 10:41:16,335[m [32m[INFO ][m  [org.springframework.boot.web.embedded.tomcat.TomcatWebServer] [33m[restartedMain][m- Tomcat started on port(s): 9083 (http) with context path ''
 -[36m2025/06/19 10:41:16,336[m [32m[INFO ][m  [com.ulisesbocchio.jasyptspringboot.caching.RefreshScopeRefreshedEventListener] [33m[restartedMain][m- Refreshing cached encryptable property sources on ServletWebServerInitializedEvent
 -[36m2025/06/19 10:41:16,336[m [32m[INFO ][m  [com.ulisesbocchio.jasyptspringboot.caching.CachingDelegateEncryptablePropertySource] [33m[restartedMain][m- Property Source systemProperties refreshed
 -[36m2025/06/19 10:41:16,336[m [32m[INFO ][m  [com.ulisesbocchio.jasyptspringboot.caching.CachingDelegateEncryptablePropertySource] [33m[restartedMain][m- Property Source systemEnvironment refreshed
 -[36m2025/06/19 10:41:16,336[m [32m[INFO ][m  [com.ulisesbocchio.jasyptspringboot.caching.CachingDelegateEncryptablePropertySource] [33m[restartedMain][m- Property Source random refreshed
 -[36m2025/06/19 10:41:16,336[m [32m[INFO ][m  [com.ulisesbocchio.jasyptspringboot.caching.CachingDelegateEncryptablePropertySource] [33m[restartedMain][m- Property Source cachedrandom refreshed
 -[36m2025/06/19 10:41:16,336[m [32m[INFO ][m  [com.ulisesbocchio.jasyptspringboot.caching.CachingDelegateEncryptablePropertySource] [33m[restartedMain][m- Property Source springCloudClientHostInfo refreshed
 -[36m2025/06/19 10:41:16,336[m [32m[INFO ][m  [com.ulisesbocchio.jasyptspringboot.caching.CachingDelegateEncryptablePropertySource] [33m[restartedMain][m- Property Source Config resource 'class path resource [application.properties]' via location 'optional:classpath:/' refreshed
 -[36m2025/06/19 10:41:16,336[m [32m[INFO ][m  [com.ulisesbocchio.jasyptspringboot.caching.CachingDelegateEncryptablePropertySource] [33m[restartedMain][m- Property Source devtools refreshed
 -[36m2025/06/19 10:41:16,336[m [32m[INFO ][m  [com.ulisesbocchio.jasyptspringboot.EncryptablePropertySourceConverter] [33m[restartedMain][m- Skipping PropertySource configurationProperties [class org.springframework.boot.context.properties.source.ConfigurationPropertySourcesPropertySource
 -[36m2025/06/19 10:41:16,337[m [32m[INFO ][m  [com.ulisesbocchio.jasyptspringboot.EncryptablePropertySourceConverter] [33m[restartedMain][m- Skipping PropertySource servletConfigInitParams [class org.springframework.core.env.PropertySource$StubPropertySource
 -[36m2025/06/19 10:41:16,337[m [32m[INFO ][m  [com.ulisesbocchio.jasyptspringboot.EncryptablePropertySourceConverter] [33m[restartedMain][m- Converting PropertySource servletContextInitParams [org.springframework.web.context.support.ServletContextPropertySource] to EncryptableEnumerablePropertySourceWrapper
 -[36m2025/06/19 10:41:16,343[m [32m[INFO ][m  [org.springframework.boot.StartupInfoLogger] [33m[restartedMain][m- Started RestServiceApplication in 2.195 seconds (process running for 2.481)
 -[36m2025/06/19 10:41:45,282[m [34m[DEBUG][m  [com.zaxxer.hikari.pool.HikariPool] [33m[HikariPool-1 housekeeper][m- HikariPool-1 - Before cleanup stats (total=10, active=0, idle=10, waiting=0)
 -[36m2025/06/19 10:41:45,283[m [34m[DEBUG][m  [com.zaxxer.hikari.pool.HikariPool] [33m[HikariPool-1 housekeeper][m- HikariPool-1 - After cleanup  stats (total=10, active=0, idle=10, waiting=0)
 -[36m2025/06/19 10:41:45,283[m [34m[DEBUG][m  [com.zaxxer.hikari.pool.HikariPool] [33m[HikariPool-1 housekeeper][m- HikariPool-1 - Fill pool skipped, pool has sufficient level or currently being filled (queueDepth=0).
 -[36m2025/06/19 10:42:13,783[m [32m[INFO ][m  [org.springframework.orm.jpa.AbstractEntityManagerFactoryBean] [33m[SpringApplicationShutdownHook][m- Closing JPA EntityManagerFactory for persistence unit 'default'
 -[36m2025/06/19 10:42:13,786[m [32m[INFO ][m  [com.zaxxer.hikari.HikariDataSource] [33m[SpringApplicationShutdownHook][m- HikariPool-1 - Shutdown initiated...
 -[36m2025/06/19 10:42:13,786[m [34m[DEBUG][m  [com.zaxxer.hikari.pool.HikariPool] [33m[SpringApplicationShutdownHook][m- HikariPool-1 - Before shutdown stats (total=10, active=0, idle=10, waiting=0)
 -[36m2025/06/19 10:42:13,788[m [34m[DEBUG][m  [com.zaxxer.hikari.pool.HikariPool] [33m[SpringApplicationShutdownHook][m- HikariPool-1 - After shutdown stats (total=0, active=0, idle=0, waiting=0)
 -[36m2025/06/19 10:42:13,788[m [32m[INFO ][m  [com.zaxxer.hikari.HikariDataSource] [33m[SpringApplicationShutdownHook][m- HikariPool-1 - Shutdown completed.
 -